TN:
SF:src\App.tsx
FN:30,ThemeApplier
FN:31,(anonymous_1)
FN:32,(anonymous_2)
FN:38,App
FNF:4
FNH:4
FNDA:1,ThemeApplier
FNDA:3,(anonymous_1)
FNDA:1,(anonymous_2)
FNDA:1,App
DA:20,1
DA:31,3
DA:32,1
DA:33,1
DA:35,1
DA:39,1
LF:6
LH:6
BRF:0
BRH:0
end_of_record
TN:
SF:src\main.tsx
FNF:0
FNH:0
DA:6,0
LF:1
LH:0
BRF:0
BRH:0
end_of_record
TN:
SF:src\api\bucketManagerService.ts
FN:12,(anonymous_0)
FN:13,(anonymous_1)
FN:15,(anonymous_2)
FN:16,(anonymous_3)
FN:18,(anonymous_4)
FN:19,(anonymous_5)
FN:21,(anonymous_6)
FN:24,(anonymous_7)
FN:26,(anonymous_8)
FN:27,(anonymous_9)
FN:29,(anonymous_10)
FN:30,(anonymous_11)
FNF:12
FNH:0
FNDA:0,(anonymous_0)
FNDA:0,(anonymous_1)
FNDA:0,(anonymous_2)
FNDA:0,(anonymous_3)
FNDA:0,(anonymous_4)
FNDA:0,(anonymous_5)
FNDA:0,(anonymous_6)
FNDA:0,(anonymous_7)
FNDA:0,(anonymous_8)
FNDA:0,(anonymous_9)
FNDA:0,(anonymous_10)
FNDA:0,(anonymous_11)
DA:9,1
DA:11,1
DA:13,0
DA:16,0
DA:19,0
DA:22,0
DA:24,0
DA:27,0
DA:30,0
LF:9
LH:2
BRDA:21,0,0,0
BRF:1
BRH:0
end_of_record
TN:
SF:src\api\client.ts
FN:9,(anonymous_0)
FN:24,(anonymous_1)
FN:26,(anonymous_2)
FNF:3
FNH:2
FNDA:3,(anonymous_0)
FNDA:0,(anonymous_1)
FNDA:3,(anonymous_2)
DA:4,1
DA:9,1
DA:10,3
DA:12,3
DA:13,3
DA:14,3
DA:17,3
DA:18,0
DA:21,3
DA:24,1
DA:25,0
DA:27,3
DA:28,3
DA:30,3
DA:31,0
DA:32,0
DA:33,0
DA:38,3
DA:39,3
DA:40,3
DA:42,3
LF:21
LH:16
BRDA:17,0,0,0
BRDA:17,0,1,3
BRDA:30,1,0,0
BRDA:30,1,1,3
BRDA:38,2,0,3
BRDA:38,2,1,3
BRDA:38,2,2,3
BRDA:38,2,3,3
BRDA:38,2,4,0
BRDA:39,3,0,3
BRDA:39,3,1,3
BRDA:39,3,2,3
BRDA:40,4,0,3
BRDA:40,4,1,3
BRDA:48,5,0,3
BRDA:48,5,1,3
BRDA:48,5,2,3
BRF:17
BRH:14
end_of_record
TN:
SF:src\api\documentService.ts
FN:17,(anonymous_0)
FN:32,(anonymous_1)
FN:36,(anonymous_2)
FN:50,(anonymous_3)
FN:55,(anonymous_4)
FN:59,(anonymous_5)
FN:62,(anonymous_6)
FN:79,(anonymous_7)
FN:83,(anonymous_8)
FN:86,(anonymous_9)
FN:89,(anonymous_10)
FN:92,(anonymous_11)
FN:95,(anonymous_12)
FN:98,(anonymous_13)
FN:101,(anonymous_14)
FN:104,(anonymous_15)
FN:107,(anonymous_16)
FN:110,(anonymous_17)
FN:113,(anonymous_18)
FN:117,(anonymous_19)
FN:120,(anonymous_20)
FN:125,(anonymous_21)
FN:128,(anonymous_22)
FN:131,(anonymous_23)
FN:134,(anonymous_24)
FN:138,(anonymous_25)
FN:141,(anonymous_26)
FN:143,(anonymous_27)
FN:150,(anonymous_28)
FNF:29
FNH:1
FNDA:0,(anonymous_0)
FNDA:0,(anonymous_1)
FNDA:0,(anonymous_2)
FNDA:0,(anonymous_3)
FNDA:1,(anonymous_4)
FNDA:0,(anonymous_5)
FNDA:0,(anonymous_6)
FNDA:0,(anonymous_7)
FNDA:0,(anonymous_8)
FNDA:0,(anonymous_9)
FNDA:0,(anonymous_10)
FNDA:0,(anonymous_11)
FNDA:0,(anonymous_12)
FNDA:0,(anonymous_13)
FNDA:0,(anonymous_14)
FNDA:0,(anonymous_15)
FNDA:0,(anonymous_16)
FNDA:0,(anonymous_17)
FNDA:0,(anonymous_18)
FNDA:0,(anonymous_19)
FNDA:0,(anonymous_20)
FNDA:0,(anonymous_21)
FNDA:0,(anonymous_22)
FNDA:0,(anonymous_23)
FNDA:0,(anonymous_24)
FNDA:0,(anonymous_25)
FNDA:0,(anonymous_26)
FNDA:0,(anonymous_27)
FNDA:0,(anonymous_28)
DA:13,1
DA:15,1
DA:22,0
DA:23,0
DA:24,0
DA:25,0
DA:27,0
DA:32,0
DA:40,0
DA:41,0
DA:42,0
DA:43,0
DA:45,0
DA:50,0
DA:56,1
DA:59,0
DA:68,0
DA:71,0
DA:79,0
DA:84,0
DA:86,0
DA:90,0
DA:92,0
DA:96,0
DA:98,0
DA:102,0
DA:104,0
DA:108,0
DA:110,0
DA:114,0
DA:117,0
DA:121,0
DA:125,0
DA:129,0
DA:131,0
DA:135,0
DA:138,0
DA:142,0
DA:143,0
DA:144,0
DA:150,0
LF:41
LH:3
BRDA:20,0,0,0
BRDA:24,1,0,0
BRDA:24,1,1,0
BRDA:42,2,0,0
BRDA:42,2,1,0
BRDA:55,3,0,1
BRDA:55,4,0,1
BRDA:67,5,0,0
BRDA:68,6,0,0
BRDA:68,6,1,0
BRDA:74,7,0,0
BRDA:74,7,1,0
BRDA:75,8,0,0
BRDA:75,8,1,0
BRDA:76,9,0,0
BRDA:76,9,1,0
BRDA:83,10,0,0
BRDA:89,11,0,0
BRDA:107,12,0,0
BRDA:113,13,0,0
BRDA:120,14,0,0
BRF:21
BRH:2
end_of_record
TN:
SF:src\api\documentTypeService.ts
FN:12,(anonymous_0)
FN:15,(anonymous_1)
FN:17,(anonymous_2)
FN:21,(anonymous_3)
FN:23,(anonymous_4)
FN:26,(anonymous_5)
FN:28,(anonymous_6)
FN:32,(anonymous_7)
FN:34,(anonymous_8)
FN:37,(anonymous_9)
FN:39,(anonymous_10)
FN:42,(anonymous_11)
FN:44,(anonymous_12)
FN:48,(anonymous_13)
FNF:14
FNH:0
FNDA:0,(anonymous_0)
FNDA:0,(anonymous_1)
FNDA:0,(anonymous_2)
FNDA:0,(anonymous_3)
FNDA:0,(anonymous_4)
FNDA:0,(anonymous_5)
FNDA:0,(anonymous_6)
FNDA:0,(anonymous_7)
FNDA:0,(anonymous_8)
FNDA:0,(anonymous_9)
FNDA:0,(anonymous_10)
FNDA:0,(anonymous_11)
FNDA:0,(anonymous_12)
FNDA:0,(anonymous_13)
DA:9,1
DA:11,1
DA:13,0
DA:15,0
DA:18,0
DA:21,0
DA:24,0
DA:26,0
DA:29,0
DA:32,0
DA:35,0
DA:37,0
DA:40,0
DA:42,0
DA:45,0
DA:48,0
LF:16
LH:2
BRDA:17,0,0,0
BRDA:17,1,0,0
BRF:2
BRH:0
end_of_record
TN:
SF:src\api\folderService.ts
FN:15,(anonymous_0)
FN:22,(anonymous_1)
FN:25,(anonymous_2)
FN:29,(anonymous_3)
FN:31,(anonymous_4)
FN:34,(anonymous_5)
FN:36,(anonymous_6)
FN:42,(anonymous_7)
FN:45,(anonymous_8)
FN:48,(anonymous_9)
FN:50,(anonymous_10)
FN:53,(anonymous_11)
FN:55,(anonymous_12)
FN:60,(anonymous_13)
FN:62,(anonymous_14)
FN:67,(anonymous_15)
FNF:16
FNH:1
FNDA:0,(anonymous_0)
FNDA:0,(anonymous_1)
FNDA:1,(anonymous_2)
FNDA:0,(anonymous_3)
FNDA:0,(anonymous_4)
FNDA:0,(anonymous_5)
FNDA:0,(anonymous_6)
FNDA:0,(anonymous_7)
FNDA:0,(anonymous_8)
FNDA:0,(anonymous_9)
FNDA:0,(anonymous_10)
FNDA:0,(anonymous_11)
FNDA:0,(anonymous_12)
FNDA:0,(anonymous_13)
FNDA:0,(anonymous_14)
FNDA:0,(anonymous_15)
DA:12,1
DA:14,1
DA:17,0
DA:20,0
DA:22,0
DA:26,1
DA:29,0
DA:32,0
DA:34,0
DA:38,0
DA:39,0
DA:42,0
DA:46,0
DA:48,0
DA:51,0
DA:53,0
DA:56,0
DA:60,0
DA:63,0
DA:67,0
LF:20
LH:3
BRDA:15,0,0,0
BRDA:17,1,0,0
BRDA:17,1,1,0
BRDA:25,2,0,1
BRDA:25,3,0,1
BRDA:25,4,0,1
BRDA:31,5,0,0
BRDA:36,6,0,0
BRDA:36,7,0,0
BRDA:36,8,0,0
BRDA:38,9,0,0
BRDA:38,9,1,0
BRDA:45,10,0,0
BRDA:55,11,0,0
BRDA:62,12,0,0
BRF:15
BRH:3
end_of_record
TN:
SF:src\api\folderTypeService.ts
FN:12,(anonymous_0)
FN:15,(anonymous_1)
FN:17,(anonymous_2)
FN:21,(anonymous_3)
FN:23,(anonymous_4)
FN:26,(anonymous_5)
FN:28,(anonymous_6)
FN:31,(anonymous_7)
FN:33,(anonymous_8)
FN:36,(anonymous_9)
FN:38,(anonymous_10)
FN:41,(anonymous_11)
FN:43,(anonymous_12)
FN:47,(anonymous_13)
FNF:14
FNH:0
FNDA:0,(anonymous_0)
FNDA:0,(anonymous_1)
FNDA:0,(anonymous_2)
FNDA:0,(anonymous_3)
FNDA:0,(anonymous_4)
FNDA:0,(anonymous_5)
FNDA:0,(anonymous_6)
FNDA:0,(anonymous_7)
FNDA:0,(anonymous_8)
FNDA:0,(anonymous_9)
FNDA:0,(anonymous_10)
FNDA:0,(anonymous_11)
FNDA:0,(anonymous_12)
FNDA:0,(anonymous_13)
DA:9,1
DA:11,1
DA:13,0
DA:15,0
DA:18,0
DA:21,0
DA:24,0
DA:26,0
DA:29,0
DA:31,0
DA:34,0
DA:36,0
DA:39,0
DA:41,0
DA:44,0
DA:47,0
LF:16
LH:2
BRDA:17,0,0,0
BRDA:17,1,0,0
BRF:2
BRH:0
end_of_record
TN:
SF:src\api\ltiService.ts
FN:7,(anonymous_0)
FN:10,(anonymous_1)
FNF:2
FNH:0
FNDA:0,(anonymous_0)
FNDA:0,(anonymous_1)
DA:4,1
DA:6,1
DA:8,0
DA:10,0
LF:4
LH:2
BRF:0
BRH:0
end_of_record
TN:
SF:src\api\navigationService.ts
FN:6,(anonymous_0)
FN:14,(anonymous_1)
FN:17,(anonymous_2)
FN:24,(anonymous_3)
FNF:4
FNH:1
FNDA:1,(anonymous_0)
FNDA:0,(anonymous_1)
FNDA:0,(anonymous_2)
FNDA:0,(anonymous_3)
DA:5,1
DA:7,1
DA:8,1
DA:14,0
DA:18,0
DA:24,0
LF:6
LH:3
BRDA:6,0,0,1
BRDA:6,1,0,1
BRDA:17,2,0,0
BRDA:17,3,0,0
BRF:4
BRH:2
end_of_record
TN:
SF:src\api\nlpService.ts
FN:5,(anonymous_0)
FN:9,(anonymous_1)
FNF:2
FNH:0
FNDA:0,(anonymous_0)
FNDA:0,(anonymous_1)
DA:4,0
DA:6,0
DA:9,0
LF:3
LH:0
BRF:0
BRH:0
end_of_record
TN:
SF:src\api\presignedUploadService.ts
FN:21,(anonymous_0)
FN:24,(anonymous_1)
FN:34,(anonymous_2)
FN:37,(anonymous_3)
FN:39,(anonymous_4)
FN:43,(anonymous_5)
FN:45,(anonymous_6)
FN:49,(anonymous_7)
FN:52,(anonymous_8)
FN:70,(anonymous_9)
FN:82,(anonymous_10)
FN:84,(anonymous_11)
FN:86,(anonymous_12)
FN:101,(anonymous_13)
FNF:14
FNH:0
FNDA:0,(anonymous_0)
FNDA:0,(anonymous_1)
FNDA:0,(anonymous_2)
FNDA:0,(anonymous_3)
FNDA:0,(anonymous_4)
FNDA:0,(anonymous_5)
FNDA:0,(anonymous_6)
FNDA:0,(anonymous_7)
FNDA:0,(anonymous_8)
FNDA:0,(anonymous_9)
FNDA:0,(anonymous_10)
FNDA:0,(anonymous_11)
FNDA:0,(anonymous_12)
FNDA:0,(anonymous_13)
DA:11,1
DA:20,1
DA:22,0
DA:26,0
DA:27,0
DA:28,0
DA:29,0
DA:31,0
DA:35,0
DA:37,0
DA:40,0
DA:43,0
DA:46,0
DA:49,0
DA:58,0
DA:59,0
DA:62,0
DA:63,0
DA:64,0
DA:68,0
DA:70,0
DA:71,0
DA:73,0
DA:74,0
DA:75,0
DA:77,0
DA:78,0
DA:79,0
DA:80,0
DA:82,0
DA:85,0
DA:86,0
DA:87,0
DA:96,0
DA:97,0
DA:99,0
DA:100,0
DA:101,0
DA:104,0
DA:108,0
DA:109,0
DA:110,0
DA:111,0
DA:112,0
DA:115,0
LF:45
LH:2
BRDA:27,0,0,0
BRDA:27,0,1,0
BRDA:28,1,0,0
BRDA:28,1,1,0
BRDA:28,2,0,0
BRDA:28,2,1,0
BRDA:64,3,0,0
BRDA:64,3,1,0
BRDA:66,4,0,0
BRDA:66,4,1,0
BRDA:66,5,0,0
BRDA:66,5,1,0
BRDA:71,6,0,0
BRDA:71,6,1,0
BRDA:96,7,0,0
BRDA:96,7,1,0
BRDA:96,7,2,0
BRDA:100,8,0,0
BRDA:100,8,1,0
BRDA:109,9,0,0
BRDA:109,9,1,0
BRF:21
BRH:0
end_of_record
TN:
SF:src\api\searchService.ts
FN:15,(anonymous_0)
FN:19,(anonymous_1)
FN:21,(anonymous_2)
FN:25,(anonymous_3)
FN:27,(anonymous_4)
FN:31,(anonymous_5)
FN:33,(anonymous_6)
FN:37,(anonymous_7)
FN:39,(anonymous_8)
FN:43,(anonymous_9)
FN:45,(anonymous_10)
FN:49,(anonymous_11)
FN:51,(anonymous_12)
FN:55,(anonymous_13)
FN:57,(anonymous_14)
FN:61,(anonymous_15)
FN:64,(anonymous_16)
FN:67,(anonymous_17)
FN:69,(anonymous_18)
FN:72,(anonymous_19)
FN:74,(anonymous_20)
FN:77,(anonymous_21)
FN:79,(anonymous_22)
FN:82,(anonymous_23)
FNF:24
FNH:0
FNDA:0,(anonymous_0)
FNDA:0,(anonymous_1)
FNDA:0,(anonymous_2)
FNDA:0,(anonymous_3)
FNDA:0,(anonymous_4)
FNDA:0,(anonymous_5)
FNDA:0,(anonymous_6)
FNDA:0,(anonymous_7)
FNDA:0,(anonymous_8)
FNDA:0,(anonymous_9)
FNDA:0,(anonymous_10)
FNDA:0,(anonymous_11)
FNDA:0,(anonymous_12)
FNDA:0,(anonymous_13)
FNDA:0,(anonymous_14)
FNDA:0,(anonymous_15)
FNDA:0,(anonymous_16)
FNDA:0,(anonymous_17)
FNDA:0,(anonymous_18)
FNDA:0,(anonymous_19)
FNDA:0,(anonymous_20)
FNDA:0,(anonymous_21)
FNDA:0,(anonymous_22)
FNDA:0,(anonymous_23)
DA:10,1
DA:11,1
DA:13,1
DA:16,0
DA:19,0
DA:22,0
DA:25,0
DA:28,0
DA:31,0
DA:34,0
DA:37,0
DA:40,0
DA:43,0
DA:46,0
DA:49,0
DA:52,0
DA:55,0
DA:58,0
DA:61,0
DA:65,0
DA:67,0
DA:70,0
DA:72,0
DA:75,0
DA:77,0
DA:80,0
DA:82,0
LF:27
LH:3
BRDA:64,0,0,0
BRDA:69,1,0,0
BRDA:74,2,0,0
BRDA:79,3,0,0
BRF:4
BRH:0
end_of_record
TN:
SF:src\api\tagService.ts
FN:12,(anonymous_0)
FN:15,(anonymous_1)
FN:17,(anonymous_2)
FN:20,(anonymous_3)
FN:22,(anonymous_4)
FN:25,(anonymous_5)
FN:27,(anonymous_6)
FN:30,(anonymous_7)
FNF:8
FNH:0
FNDA:0,(anonymous_0)
FNDA:0,(anonymous_1)
FNDA:0,(anonymous_2)
FNDA:0,(anonymous_3)
FNDA:0,(anonymous_4)
FNDA:0,(anonymous_5)
FNDA:0,(anonymous_6)
FNDA:0,(anonymous_7)
DA:9,1
DA:11,1
DA:13,0
DA:15,0
DA:18,0
DA:20,0
DA:23,0
DA:25,0
DA:28,0
DA:30,0
LF:10
LH:2
BRF:0
BRH:0
end_of_record
TN:
SF:src\api\trashService.ts
FN:12,(anonymous_0)
FN:16,(anonymous_1)
FN:18,(anonymous_2)
FN:21,(anonymous_3)
FN:23,(anonymous_4)
FN:26,(anonymous_5)
FN:28,(anonymous_6)
FN:31,(anonymous_7)
FN:33,(anonymous_8)
FN:37,(anonymous_9)
FNF:10
FNH:0
FNDA:0,(anonymous_0)
FNDA:0,(anonymous_1)
FNDA:0,(anonymous_2)
FNDA:0,(anonymous_3)
FNDA:0,(anonymous_4)
FNDA:0,(anonymous_5)
FNDA:0,(anonymous_6)
FNDA:0,(anonymous_7)
FNDA:0,(anonymous_8)
FNDA:0,(anonymous_9)
DA:9,1
DA:11,1
DA:13,0
DA:16,0
DA:19,0
DA:21,0
DA:24,0
DA:26,0
DA:29,0
DA:31,0
DA:34,0
DA:37,0
LF:12
LH:2
BRDA:12,0,0,0
BRDA:12,1,0,0
BRDA:33,2,0,0
BRDA:33,3,0,0
BRF:4
BRH:0
end_of_record
TN:
SF:src\api\versionService.ts
FN:14,(anonymous_0)
FN:17,(anonymous_1)
FN:19,(anonymous_2)
FN:32,(anonymous_3)
FN:35,(anonymous_4)
FN:40,(anonymous_5)
FN:42,(anonymous_6)
FN:46,(anonymous_7)
FNF:8
FNH:0
FNDA:0,(anonymous_0)
FNDA:0,(anonymous_1)
FNDA:0,(anonymous_2)
FNDA:0,(anonymous_3)
FNDA:0,(anonymous_4)
FNDA:0,(anonymous_5)
FNDA:0,(anonymous_6)
FNDA:0,(anonymous_7)
DA:11,1
DA:13,1
DA:15,0
DA:17,0
DA:20,0
DA:21,0
DA:22,0
DA:32,0
DA:36,0
DA:40,0
DA:43,0
DA:46,0
LF:12
LH:2
BRDA:19,0,0,0
BRDA:19,1,0,0
BRF:2
BRH:0
end_of_record
TN:
SF:src\components\layout\Header.tsx
FN:7,Header
FN:9,(anonymous_1)
FN:16,(anonymous_2)
FN:30,(anonymous_3)
FN:38,(anonymous_4)
FNF:5
FNH:4
FNDA:1,Header
FNDA:3,(anonymous_1)
FNDA:1,(anonymous_2)
FNDA:0,(anonymous_3)
FNDA:1,(anonymous_4)
DA:8,1
DA:9,3
DA:11,1
DA:16,1
DA:30,0
DA:38,1
LF:6
LH:5
BRDA:19,0,0,0
BRDA:19,0,1,1
BRDA:41,1,0,0
BRDA:41,1,1,1
BRDA:61,2,0,1
BRDA:61,2,1,0
BRF:6
BRH:3
end_of_record
TN:
SF:src\components\layout\Layout.tsx
FN:8,Layout
FN:9,(anonymous_1)
FN:10,(anonymous_2)
FN:11,(anonymous_3)
FNF:4
FNH:4
FNDA:1,Layout
FNDA:3,(anonymous_1)
FNDA:3,(anonymous_2)
FNDA:3,(anonymous_3)
DA:9,3
DA:10,3
DA:11,3
DA:13,1
LF:4
LH:4
BRDA:29,0,0,1
BRDA:29,0,1,1
BRF:2
BRH:2
end_of_record
TN:
SF:src\components\layout\Sidebar.tsx
FN:58,Sidebar
FN:77,(anonymous_1)
FN:83,(anonymous_2)
FN:88,(anonymous_3)
FN:97,(anonymous_4)
FNF:5
FNH:5
FNDA:1,Sidebar
FNDA:4,(anonymous_1)
FNDA:9,(anonymous_2)
FNDA:9,(anonymous_3)
FNDA:9,(anonymous_4)
DA:26,1
DA:59,1
DA:78,4
DA:84,9
DA:88,9
DA:98,9
LF:6
LH:6
BRDA:91,0,0,1
BRDA:91,0,1,8
BRDA:99,1,0,9
BRDA:99,1,1,1
BRDA:102,2,0,1
BRDA:102,2,1,8
BRF:6
BRH:6
end_of_record
TN:
SF:src\components\shared\AttributesSection.tsx
FN:24,AttributesSection
FN:57,(anonymous_1)
FN:61,(anonymous_2)
FN:62,(anonymous_3)
FN:67,(anonymous_4)
FN:91,(anonymous_5)
FNF:6
FNH:0
FNDA:0,AttributesSection
FNDA:0,(anonymous_1)
FNDA:0,(anonymous_2)
FNDA:0,(anonymous_3)
FNDA:0,(anonymous_4)
FNDA:0,(anonymous_5)
DA:28,0
DA:29,0
DA:30,0
DA:32,0
DA:35,0
DA:38,0
DA:45,0
DA:50,0
DA:55,0
DA:56,0
DA:57,0
DA:61,0
DA:62,0
DA:63,0
DA:65,0
DA:67,0
DA:68,0
DA:69,0
DA:70,0
DA:73,0
DA:92,0
DA:93,0
DA:94,0
DA:95,0
LF:24
LH:0
BRDA:28,0,0,0
BRDA:28,0,1,0
BRDA:29,1,0,0
BRDA:29,1,1,0
BRDA:30,2,0,0
BRDA:30,2,1,0
BRDA:33,3,0,0
BRDA:33,3,1,0
BRDA:33,4,0,0
BRDA:33,4,1,0
BRDA:33,4,2,0
BRDA:36,5,0,0
BRDA:36,5,1,0
BRDA:36,6,0,0
BRDA:36,6,1,0
BRDA:36,6,2,0
BRDA:36,6,3,0
BRDA:39,7,0,0
BRDA:39,7,1,0
BRDA:39,8,0,0
BRDA:39,8,1,0
BRDA:39,8,2,0
BRDA:45,9,0,0
BRDA:45,9,1,0
BRDA:46,10,0,0
BRDA:46,10,1,0
BRDA:50,11,0,0
BRDA:50,11,1,0
BRDA:50,11,2,0
BRDA:50,11,3,0
BRDA:65,12,0,0
BRDA:65,12,1,0
BRDA:68,13,0,0
BRDA:68,13,1,0
BRDA:68,14,0,0
BRDA:68,14,1,0
BRDA:68,14,2,0
BRDA:69,15,0,0
BRDA:69,15,1,0
BRDA:69,16,0,0
BRDA:69,16,1,0
BRDA:79,17,0,0
BRDA:79,17,1,0
BRDA:94,18,0,0
BRDA:94,18,1,0
BRDA:100,19,0,0
BRDA:100,19,1,0
BRDA:105,20,0,0
BRDA:105,20,1,0
BRDA:113,21,0,0
BRDA:113,21,1,0
BRDA:115,22,0,0
BRDA:115,22,1,0
BRF:53
BRH:0
end_of_record
TN:
SF:src\components\shared\CreateFromTemplateModal.tsx
FN:21,CreateFromTemplateModal
FN:30,(anonymous_1)
FN:36,(anonymous_2)
FN:40,(anonymous_3)
FN:45,(anonymous_4)
FN:53,(anonymous_5)
FN:61,(anonymous_6)
FN:74,(anonymous_7)
FN:77,(anonymous_8)
FN:92,(anonymous_9)
FN:93,(anonymous_10)
FN:111,(anonymous_11)
FN:117,(anonymous_12)
FN:123,(anonymous_13)
FN:127,(anonymous_14)
FNF:15
FNH:2
FNDA:1,CreateFromTemplateModal
FNDA:0,(anonymous_1)
FNDA:0,(anonymous_2)
FNDA:0,(anonymous_3)
FNDA:0,(anonymous_4)
FNDA:0,(anonymous_5)
FNDA:0,(anonymous_6)
FNDA:3,(anonymous_7)
FNDA:0,(anonymous_8)
FNDA:0,(anonymous_9)
FNDA:0,(anonymous_10)
FNDA:0,(anonymous_11)
FNDA:0,(anonymous_12)
FNDA:0,(anonymous_13)
FNDA:0,(anonymous_14)
DA:15,1
DA:22,1
DA:23,1
DA:24,1
DA:25,1
DA:26,1
DA:28,1
DA:30,1
DA:31,0
DA:32,0
DA:33,0
DA:36,1
DA:37,0
DA:40,0
DA:42,0
DA:46,0
DA:47,0
DA:53,1
DA:54,0
DA:55,0
DA:56,0
DA:57,0
DA:58,0
DA:61,1
DA:62,0
DA:63,0
DA:66,1
DA:75,3
DA:77,0
DA:93,0
DA:94,0
DA:95,0
DA:111,0
DA:117,0
DA:123,0
DA:127,0
LF:36
LH:13
BRDA:25,0,0,1
BRDA:25,0,1,1
BRDA:38,1,0,0
BRDA:38,1,1,0
BRDA:39,2,0,0
BRDA:39,2,1,0
BRDA:40,3,0,0
BRDA:40,3,1,0
BRDA:57,4,0,0
BRDA:57,4,1,0
BRDA:68,5,0,1
BRDA:68,5,1,0
BRDA:94,6,0,0
BRDA:94,6,1,0
BRF:14
BRH:3
end_of_record
TN:
SF:src\components\shared\DetailDrawer.tsx
FN:14,DetailDrawer
FN:15,(anonymous_1)
FN:16,(anonymous_2)
FN:18,(anonymous_3)
FN:46,DetailRow
FNF:5
FNH:0
FNDA:0,DetailDrawer
FNDA:0,(anonymous_1)
FNDA:0,(anonymous_2)
FNDA:0,(anonymous_3)
FNDA:0,DetailRow
DA:15,0
DA:16,0
DA:17,0
DA:18,0
DA:21,0
DA:23,0
DA:47,0
LF:7
LH:0
BRDA:14,0,0,0
BRDA:16,1,0,0
BRDA:16,1,1,0
BRDA:17,2,0,0
BRDA:17,2,1,0
BRDA:21,3,0,0
BRDA:21,3,1,0
BRDA:31,4,0,0
BRDA:31,4,1,0
BRDA:34,5,0,0
BRDA:34,5,1,0
BRDA:50,6,0,0
BRDA:50,6,1,0
BRF:13
BRH:0
end_of_record
TN:
SF:src\components\shared\DocRowActions.tsx
FN:18,DocRowActions
FN:19,(anonymous_1)
FN:36,(anonymous_2)
FN:41,(anonymous_3)
FN:46,(anonymous_4)
FNF:5
FNH:0
FNDA:0,DocRowActions
FNDA:0,(anonymous_1)
FNDA:0,(anonymous_2)
FNDA:0,(anonymous_3)
FNDA:0,(anonymous_4)
DA:19,0
DA:20,0
DA:21,0
DA:25,0
DA:27,0
DA:36,0
DA:41,0
DA:46,0
LF:8
LH:0
BRDA:18,0,0,0
BRDA:32,1,0,0
BRDA:32,1,1,0
BRDA:35,2,0,0
BRDA:35,2,1,0
BRDA:40,3,0,0
BRDA:40,3,1,0
BRDA:45,4,0,0
BRDA:45,4,1,0
BRF:9
BRH:0
end_of_record
TN:
SF:src\components\shared\DynamicAttributeForm.tsx
FN:14,DynamicAttributeForm
FN:15,(anonymous_1)
FN:24,(anonymous_2)
FN:37,(anonymous_3)
FN:56,(anonymous_4)
FN:70,(anonymous_5)
FN:83,(anonymous_6)
FN:93,validateAttributes
FN:98,(anonymous_8)
FNF:9
FNH:0
FNDA:0,DynamicAttributeForm
FNDA:0,(anonymous_1)
FNDA:0,(anonymous_2)
FNDA:0,(anonymous_3)
FNDA:0,(anonymous_4)
FNDA:0,(anonymous_5)
FNDA:0,(anonymous_6)
FNDA:0,validateAttributes
FNDA:0,(anonymous_8)
DA:15,0
DA:16,0
DA:19,0
DA:25,0
DA:26,0
DA:27,0
DA:28,0
DA:30,0
DA:31,0
DA:37,0
DA:48,0
DA:49,0
DA:56,0
DA:62,0
DA:63,0
DA:70,0
DA:76,0
DA:83,0
DA:97,0
DA:98,0
DA:99,0
DA:100,0
DA:103,0
LF:23
LH:0
BRDA:26,0,0,0
BRDA:26,0,1,0
BRDA:30,1,0,0
BRDA:30,1,1,0
BRDA:36,2,0,0
BRDA:36,2,1,0
BRDA:48,3,0,0
BRDA:48,3,1,0
BRDA:48,4,0,0
BRDA:48,4,1,0
BRDA:55,5,0,0
BRDA:55,5,1,0
BRDA:62,6,0,0
BRDA:62,6,1,0
BRDA:69,7,0,0
BRDA:69,7,1,0
BRDA:82,8,0,0
BRDA:82,8,1,0
BRDA:99,9,0,0
BRDA:99,9,1,0
BRDA:99,10,0,0
BRDA:99,10,1,0
BRF:22
BRH:0
end_of_record
TN:
SF:src\components\shared\EditAttributesModal.tsx
FN:30,ValueEditor
FN:46,(anonymous_1)
FN:54,(anonymous_2)
FN:57,(anonymous_3)
FN:59,(anonymous_4)
FN:62,EditAttributesModal
FN:102,(anonymous_6)
FN:122,(anonymous_7)
FN:124,(anonymous_8)
FN:136,(anonymous_9)
FN:156,(anonymous_10)
FN:166,(anonymous_11)
FN:167,(anonymous_12)
FN:167,(anonymous_13)
FN:169,(anonymous_14)
FN:174,(anonymous_15)
FN:183,(anonymous_16)
FN:184,(anonymous_17)
FN:191,(anonymous_18)
FN:192,(anonymous_19)
FN:199,(anonymous_20)
FN:202,(anonymous_21)
FN:208,(anonymous_22)
FN:213,(anonymous_23)
FN:216,(anonymous_24)
FN:245,(anonymous_25)
FN:266,(anonymous_26)
FN:271,(anonymous_27)
FN:283,(anonymous_28)
FN:291,(anonymous_29)
FN:318,(anonymous_30)
FN:322,(anonymous_31)
FNF:32
FNH:0
FNDA:0,ValueEditor
FNDA:0,(anonymous_1)
FNDA:0,(anonymous_2)
FNDA:0,(anonymous_3)
FNDA:0,(anonymous_4)
FNDA:0,EditAttributesModal
FNDA:0,(anonymous_6)
FNDA:0,(anonymous_7)
FNDA:0,(anonymous_8)
FNDA:0,(anonymous_9)
FNDA:0,(anonymous_10)
FNDA:0,(anonymous_11)
FNDA:0,(anonymous_12)
FNDA:0,(anonymous_13)
FNDA:0,(anonymous_14)
FNDA:0,(anonymous_15)
FNDA:0,(anonymous_16)
FNDA:0,(anonymous_17)
FNDA:0,(anonymous_18)
FNDA:0,(anonymous_19)
FNDA:0,(anonymous_20)
FNDA:0,(anonymous_21)
FNDA:0,(anonymous_22)
FNDA:0,(anonymous_23)
FNDA:0,(anonymous_24)
FNDA:0,(anonymous_25)
FNDA:0,(anonymous_26)
FNDA:0,(anonymous_27)
FNDA:0,(anonymous_28)
FNDA:0,(anonymous_29)
FNDA:0,(anonymous_30)
FNDA:0,(anonymous_31)
DA:39,0
DA:42,0
DA:44,0
DA:45,0
DA:46,0
DA:53,0
DA:54,0
DA:56,0
DA:57,0
DA:59,0
DA:74,0
DA:75,0
DA:77,0
DA:78,0
DA:84,0
DA:89,0
DA:92,0
DA:93,0
DA:96,0
DA:98,0
DA:99,0
DA:100,0
DA:102,0
DA:106,0
DA:107,0
DA:108,0
DA:109,0
DA:110,0
DA:111,0
DA:112,0
DA:113,0
DA:114,0
DA:116,0
DA:117,0
DA:118,0
DA:119,0
DA:122,0
DA:123,0
DA:124,0
DA:125,0
DA:128,0
DA:129,0
DA:130,0
DA:131,0
DA:135,0
DA:136,0
DA:137,0
DA:138,0
DA:139,0
DA:143,0
DA:145,0
DA:146,0
DA:149,0
DA:151,0
DA:155,0
DA:156,0
DA:157,0
DA:159,0
DA:160,0
DA:161,0
DA:162,0
DA:163,0
DA:166,0
DA:167,0
DA:169,0
DA:170,0
DA:171,0
DA:172,0
DA:173,0
DA:174,0
DA:175,0
DA:176,0
DA:177,0
DA:179,0
DA:180,0
DA:183,0
DA:184,0
DA:185,0
DA:186,0
DA:187,0
DA:191,0
DA:192,0
DA:193,0
DA:194,0
DA:195,0
DA:199,0
DA:201,0
DA:202,0
DA:203,0
DA:205,0
DA:206,0
DA:208,0
DA:212,0
DA:213,0
DA:214,0
DA:216,0
DA:221,0
DA:246,0
DA:247,0
DA:266,0
DA:271,0
DA:284,0
DA:291,0
DA:318,0
DA:323,0
DA:324,0
LF:106
LH:0
BRDA:39,0,0,0
BRDA:39,0,1,0
BRDA:44,1,0,0
BRDA:44,1,1,0
BRDA:53,2,0,0
BRDA:53,2,1,0
BRDA:53,3,0,0
BRDA:53,3,1,0
BRDA:56,4,0,0
BRDA:56,4,1,0
BRDA:74,5,0,0
BRDA:74,5,1,0
BRDA:74,6,0,0
BRDA:74,6,1,0
BRDA:75,7,0,0
BRDA:75,7,1,0
BRDA:75,8,0,0
BRDA:75,8,1,0
BRDA:77,9,0,0
BRDA:77,9,1,0
BRDA:78,10,0,0
BRDA:78,10,1,0
BRDA:84,11,0,0
BRDA:84,11,1,0
BRDA:85,12,0,0
BRDA:85,12,1,0
BRDA:85,12,2,0
BRDA:86,13,0,0
BRDA:86,13,1,0
BRDA:86,13,2,0
BRDA:89,14,0,0
BRDA:89,14,1,0
BRDA:92,15,0,0
BRDA:92,15,1,0
BRDA:94,16,0,0
BRDA:94,16,1,0
BRDA:94,17,0,0
BRDA:94,17,1,0
BRDA:94,17,2,0
BRDA:96,18,0,0
BRDA:96,18,1,0
BRDA:100,19,0,0
BRDA:100,19,1,0
BRDA:106,20,0,0
BRDA:106,20,1,0
BRDA:108,21,0,0
BRDA:108,21,1,0
BRDA:108,22,0,0
BRDA:108,22,1,0
BRDA:110,23,0,0
BRDA:110,23,1,0
BRDA:110,24,0,0
BRDA:110,24,1,0
BRDA:111,25,0,0
BRDA:111,25,1,0
BRDA:111,26,0,0
BRDA:111,26,1,0
BRDA:113,27,0,0
BRDA:113,27,1,0
BRDA:113,28,0,0
BRDA:113,28,1,0
BRDA:117,29,0,0
BRDA:117,29,1,0
BRDA:117,30,0,0
BRDA:117,30,1,0
BRDA:118,31,0,0
BRDA:118,31,1,0
BRDA:118,32,0,0
BRDA:118,32,1,0
BRDA:137,33,0,0
BRDA:137,33,1,0
BRDA:143,34,0,0
BRDA:143,34,1,0
BRDA:143,35,0,0
BRDA:143,35,1,0
BRDA:145,36,0,0
BRDA:145,36,1,0
BRDA:146,37,0,0
BRDA:146,37,1,0
BRDA:149,38,0,0
BRDA:149,38,1,0
BRDA:151,39,0,0
BRDA:151,39,1,0
BRDA:153,40,0,0
BRDA:153,40,1,0
BRDA:157,41,0,0
BRDA:157,41,1,0
BRDA:171,42,0,0
BRDA:171,42,1,0
BRDA:172,43,0,0
BRDA:172,43,1,0
BRDA:202,44,0,0
BRDA:202,44,1,0
BRDA:205,45,0,0
BRDA:205,45,1,0
BRDA:207,46,0,0
BRDA:207,46,1,0
BRDA:225,47,0,0
BRDA:225,47,1,0
BRDA:234,48,0,0
BRDA:234,48,1,0
BRDA:235,49,0,0
BRDA:235,49,1,0
BRDA:239,50,0,0
BRDA:239,50,1,0
BRDA:239,51,0,0
BRDA:239,51,1,0
BRDA:252,52,0,0
BRDA:252,52,1,0
BRDA:257,53,0,0
BRDA:257,53,1,0
BRDA:265,54,0,0
BRDA:265,54,1,0
BRDA:307,55,0,0
BRDA:307,55,1,0
BRDA:311,56,0,0
BRDA:311,56,1,0
BRDA:326,57,0,0
BRDA:326,57,1,0
BRF:119
BRH:0
end_of_record
TN:
SF:src\components\shared\EditTagsModal.tsx
FN:15,EditTagsModal
FN:20,(anonymous_1)
FN:27,(anonymous_2)
FN:33,(anonymous_3)
FN:33,(anonymous_4)
FN:35,(anonymous_5)
FN:44,(anonymous_6)
FN:47,(anonymous_7)
FN:58,(anonymous_8)
FN:66,(anonymous_9)
FN:76,(anonymous_10)
FNF:11
FNH:0
FNDA:0,EditTagsModal
FNDA:0,(anonymous_1)
FNDA:0,(anonymous_2)
FNDA:0,(anonymous_3)
FNDA:0,(anonymous_4)
FNDA:0,(anonymous_5)
FNDA:0,(anonymous_6)
FNDA:0,(anonymous_7)
FNDA:0,(anonymous_8)
FNDA:0,(anonymous_9)
FNDA:0,(anonymous_10)
DA:16,0
DA:17,0
DA:18,0
DA:20,0
DA:21,0
DA:22,0
DA:23,0
DA:27,0
DA:28,0
DA:29,0
DA:30,0
DA:33,0
DA:35,0
DA:36,0
DA:37,0
DA:38,0
DA:39,0
DA:40,0
DA:44,0
DA:45,0
DA:47,0
DA:51,0
DA:59,0
DA:66,0
DA:76,0
LF:25
LH:0
BRDA:21,0,0,0
BRDA:21,0,1,0
BRDA:22,1,0,0
BRDA:22,1,1,0
BRDA:29,2,0,0
BRDA:29,2,1,0
BRDA:29,3,0,0
BRDA:29,3,1,0
BRDA:36,4,0,0
BRDA:36,4,1,0
BRDA:36,5,0,0
BRDA:36,5,1,0
BRDA:39,6,0,0
BRDA:39,6,1,0
BRDA:39,7,0,0
BRDA:39,7,1,0
BRDA:39,7,2,0
BRDA:78,8,0,0
BRDA:78,8,1,0
BRF:19
BRH:0
end_of_record
TN:
SF:src\components\shared\FileViewer.tsx
FN:26,FileViewer
FN:33,(anonymous_1)
FN:42,(anonymous_2)
FN:53,(anonymous_3)
FN:59,(anonymous_4)
FN:63,(anonymous_5)
FN:79,(anonymous_6)
FN:83,(anonymous_7)
FN:91,(anonymous_8)
FNF:9
FNH:0
FNDA:0,FileViewer
FNDA:0,(anonymous_1)
FNDA:0,(anonymous_2)
FNDA:0,(anonymous_3)
FNDA:0,(anonymous_4)
FNDA:0,(anonymous_5)
FNDA:0,(anonymous_6)
FNDA:0,(anonymous_7)
FNDA:0,(anonymous_8)
DA:14,1
DA:15,1
DA:16,1
DA:17,1
DA:18,1
DA:27,0
DA:28,0
DA:29,0
DA:30,0
DA:31,0
DA:33,0
DA:34,0
DA:35,0
DA:36,0
DA:37,0
DA:38,0
DA:39,0
DA:41,0
DA:43,0
DA:44,0
DA:45,0
DA:46,0
DA:48,0
DA:49,0
DA:50,0
DA:54,0
DA:55,0
DA:56,0
DA:57,0
DA:60,0
DA:63,0
DA:64,0
DA:65,0
DA:69,0
DA:71,0
DA:72,0
DA:79,0
DA:80,0
DA:83,0
DA:84,0
DA:85,0
DA:86,0
DA:87,0
DA:88,0
DA:91,0
DA:92,0
DA:107,0
DA:108,0
DA:121,0
DA:122,0
DA:135,0
DA:136,0
DA:145,0
DA:146,0
DA:155,0
DA:156,0
DA:169,0
LF:57
LH:5
BRDA:27,0,0,0
BRDA:27,0,1,0
BRDA:27,0,2,0
BRDA:43,1,0,0
BRDA:43,1,1,0
BRDA:44,2,0,0
BRDA:44,2,1,0
BRDA:46,3,0,0
BRDA:46,3,1,0
BRDA:50,4,0,0
BRDA:50,4,1,0
BRDA:54,5,0,0
BRDA:54,5,1,0
BRDA:55,6,0,0
BRDA:55,6,1,0
BRDA:55,6,2,0
BRDA:56,7,0,0
BRDA:56,7,1,0
BRDA:57,8,0,0
BRDA:57,8,1,0
BRDA:60,9,0,0
BRDA:60,9,1,0
BRDA:65,10,0,0
BRDA:65,10,1,0
BRDA:69,11,0,0
BRDA:69,11,1,0
BRDA:71,12,0,0
BRDA:71,12,1,0
BRDA:80,13,0,0
BRDA:80,13,1,0
BRDA:84,14,0,0
BRDA:84,14,1,0
BRDA:93,15,0,0
BRDA:93,15,1,0
BRDA:98,16,0,0
BRDA:98,16,1,0
BRDA:107,17,0,0
BRDA:107,17,1,0
BRDA:107,18,0,0
BRDA:107,18,1,0
BRDA:121,19,0,0
BRDA:121,19,1,0
BRDA:121,20,0,0
BRDA:121,20,1,0
BRDA:135,21,0,0
BRDA:135,21,1,0
BRDA:135,22,0,0
BRDA:135,22,1,0
BRDA:145,23,0,0
BRDA:145,23,1,0
BRDA:145,24,0,0
BRDA:145,24,1,0
BRDA:155,25,0,0
BRDA:155,25,1,0
BRDA:155,26,0,0
BRDA:155,26,1,0
BRDA:179,27,0,0
BRDA:179,27,1,0
BRDA:184,28,0,0
BRDA:184,28,1,0
BRF:60
BRH:0
end_of_record
TN:
SF:src\components\shared\ResourceDrawer.tsx
FN:34,getDocId
FN:39,getFolderId
FN:43,DetailRow
FN:52,VersionsTab
FN:57,(anonymous_4)
FN:71,(anonymous_5)
FN:88,(anonymous_6)
FN:106,(anonymous_7)
FN:114,(anonymous_8)
FN:128,DocumentDetails
FN:147,FolderDetails
FN:169,ResourceDrawer
FN:192,(anonymous_12)
FN:197,(anonymous_13)
FN:198,(anonymous_14)
FN:200,(anonymous_15)
FN:230,(anonymous_16)
FN:277,(anonymous_17)
FN:282,(anonymous_18)
FN:311,(anonymous_19)
FN:343,(anonymous_20)
FNF:21
FNH:4
FNDA:0,getDocId
FNDA:0,getFolderId
FNDA:0,DetailRow
FNDA:0,VersionsTab
FNDA:0,(anonymous_4)
FNDA:0,(anonymous_5)
FNDA:0,(anonymous_6)
FNDA:0,(anonymous_7)
FNDA:0,(anonymous_8)
FNDA:0,DocumentDetails
FNDA:0,FolderDetails
FNDA:1,ResourceDrawer
FNDA:1,(anonymous_12)
FNDA:1,(anonymous_13)
FNDA:0,(anonymous_14)
FNDA:1,(anonymous_15)
FNDA:0,(anonymous_16)
FNDA:0,(anonymous_17)
FNDA:0,(anonymous_18)
FNDA:0,(anonymous_19)
FNDA:0,(anonymous_20)
DA:35,0
DA:36,0
DA:40,0
DA:44,0
DA:53,0
DA:54,0
DA:55,0
DA:57,0
DA:58,0
DA:59,0
DA:60,0
DA:61,0
DA:62,0
DA:63,0
DA:64,0
DA:65,0
DA:67,0
DA:71,0
DA:72,0
DA:73,0
DA:77,0
DA:78,0
DA:79,0
DA:86,0
DA:89,0
DA:106,0
DA:114,0
DA:129,0
DA:148,0
DA:178,1
DA:179,1
DA:182,1
DA:183,1
DA:184,1
DA:185,1
DA:187,1
DA:192,1
DA:193,1
DA:197,1
DA:198,1
DA:199,1
DA:200,1
DA:203,1
DA:205,0
DA:206,1
DA:209,1
DA:219,1
DA:222,1
DA:223,0
DA:225,0
DA:226,0
DA:227,0
DA:230,0
DA:231,0
DA:232,0
DA:233,0
DA:236,0
DA:278,0
DA:279,0
DA:282,0
DA:312,0
DA:313,0
DA:314,0
DA:317,0
DA:318,0
DA:324,0
DA:343,0
LF:67
LH:18
BRDA:35,0,0,0
BRDA:35,0,1,0
BRDA:36,1,0,0
BRDA:36,1,1,0
BRDA:47,2,0,0
BRDA:47,2,1,0
BRDA:55,3,0,0
BRDA:55,3,1,0
BRDA:72,4,0,0
BRDA:72,4,1,0
BRDA:77,5,0,0
BRDA:77,5,1,0
BRDA:78,6,0,0
BRDA:78,6,1,0
BRDA:96,7,0,0
BRDA:96,7,1,0
BRDA:102,8,0,0
BRDA:102,8,1,0
BRDA:112,9,0,0
BRDA:112,9,1,0
BRDA:135,10,0,0
BRDA:135,10,1,0
BRDA:139,11,0,0
BRDA:139,11,1,0
BRDA:141,12,0,0
BRDA:141,12,1,0
BRDA:142,13,0,0
BRDA:142,13,1,0
BRDA:154,14,0,0
BRDA:154,14,1,0
BRDA:156,15,0,0
BRDA:156,15,1,0
BRDA:161,16,0,0
BRDA:161,16,1,0
BRDA:163,17,0,0
BRDA:163,17,1,0
BRDA:164,18,0,0
BRDA:164,18,1,0
BRDA:175,19,0,1
BRDA:176,20,0,1
BRDA:183,21,0,1
BRDA:183,21,1,0
BRDA:183,22,0,1
BRDA:183,22,1,1
BRDA:183,22,2,1
BRDA:183,23,0,0
BRDA:183,23,1,0
BRDA:184,24,0,0
BRDA:184,24,1,1
BRDA:184,25,0,1
BRDA:184,25,1,0
BRDA:185,26,0,0
BRDA:185,26,1,1
BRDA:185,27,0,1
BRDA:185,27,1,0
BRDA:187,28,0,1
BRDA:187,28,1,0
BRDA:188,29,0,0
BRDA:188,29,1,1
BRDA:189,30,0,0
BRDA:189,30,1,0
BRDA:193,31,0,0
BRDA:193,31,1,1
BRDA:198,32,0,0
BRDA:198,32,1,0
BRDA:199,33,0,0
BRDA:199,33,1,1
BRDA:203,34,0,1
BRDA:203,34,1,0
BRDA:203,35,0,1
BRDA:203,35,1,0
BRDA:205,36,0,0
BRDA:205,36,1,0
BRDA:206,37,0,0
BRDA:206,37,1,0
BRDA:207,38,0,0
BRDA:207,38,1,0
BRDA:209,39,0,0
BRDA:209,39,1,0
BRDA:222,40,0,0
BRDA:222,40,1,1
BRDA:226,41,0,0
BRDA:226,41,1,0
BRDA:231,42,0,0
BRDA:231,42,1,0
BRDA:231,43,0,0
BRDA:231,43,1,0
BRDA:249,44,0,0
BRDA:249,44,1,0
BRDA:249,44,2,0
BRDA:254,45,0,1
BRDA:254,45,1,0
BRDA:256,46,0,0
BRDA:256,46,1,0
BRDA:257,47,0,0
BRDA:257,47,1,0
BRDA:261,48,0,1
BRDA:261,48,1,0
BRDA:261,48,2,0
BRDA:284,49,0,0
BRDA:284,49,1,0
BRDA:291,50,0,0
BRDA:291,50,1,0
BRDA:301,51,0,1
BRDA:301,51,1,0
BRDA:302,52,0,0
BRDA:302,52,1,0
BRDA:304,53,0,1
BRDA:304,53,1,0
BRDA:304,53,2,0
BRDA:304,53,3,0
BRDA:307,54,0,0
BRDA:307,54,1,0
BRDA:311,55,0,1
BRDA:311,55,1,0
BRDA:314,56,0,0
BRDA:314,56,1,0
BRDA:315,57,0,0
BRDA:315,57,1,0
BRDA:317,58,0,0
BRDA:317,58,1,0
BRDA:317,59,0,0
BRDA:317,59,1,0
BRDA:326,60,0,1
BRDA:326,60,1,0
BRDA:326,60,2,0
BRDA:326,60,3,0
BRDA:338,61,0,1
BRDA:338,61,1,0
BRDA:338,61,2,0
BRF:130
BRH:24
end_of_record
TN:
SF:src\components\shared\TagPill.tsx
FN:16,hashColor
FN:30,hexToRgba
FN:44,TagPill
FN:47,(anonymous_3)
FN:79,TagList
FN:85,(anonymous_5)
FNF:6
FNH:0
FNDA:0,hashColor
FNDA:0,hexToRgba
FNDA:0,TagPill
FNDA:0,(anonymous_3)
FNDA:0,TagList
FNDA:0,(anonymous_5)
DA:10,1
DA:17,0
DA:22,0
DA:23,0
DA:24,0
DA:26,0
DA:31,0
DA:32,0
DA:33,0
DA:34,0
DA:35,0
DA:36,0
DA:45,0
DA:46,0
DA:47,0
DA:48,0
DA:50,0
DA:52,0
DA:80,0
DA:81,0
DA:82,0
DA:83,0
DA:86,0
LF:23
LH:1
BRDA:32,0,0,0
BRDA:32,0,1,0
BRDA:44,1,0,0
BRDA:46,2,0,0
BRDA:46,2,1,0
BRDA:48,3,0,0
BRDA:48,3,1,0
BRDA:48,3,2,0
BRDA:50,4,0,0
BRDA:50,4,1,0
BRDA:54,5,0,0
BRDA:54,5,1,0
BRDA:79,6,0,0
BRDA:80,7,0,0
BRDA:80,7,1,0
BRDA:80,8,0,0
BRDA:80,8,1,0
BRDA:81,9,0,0
BRDA:81,9,1,0
BRDA:82,10,0,0
BRDA:82,10,1,0
BRDA:84,11,0,0
BRDA:84,11,1,0
BRDA:88,12,0,0
BRDA:88,12,1,0
BRF:25
BRH:0
end_of_record
TN:
SF:src\components\shared\VersionSelector.tsx
FN:18,VersionSelector
FN:20,(anonymous_1)
FN:27,(anonymous_2)
FNF:3
FNH:0
FNDA:0,VersionSelector
FNDA:0,(anonymous_1)
FNDA:0,(anonymous_2)
DA:11,1
DA:19,0
DA:20,0
DA:23,0
DA:27,0
LF:5
LH:1
BRDA:18,0,0,0
BRDA:19,1,0,0
BRDA:19,1,1,0
BRF:3
BRH:0
end_of_record
TN:
SF:src\components\ui\Badge.tsx
FN:9,Badge
FNF:1
FNH:0
FNDA:0,Badge
DA:10,0
LF:1
LH:0
BRDA:9,0,0,0
BRDA:14,1,0,0
BRDA:14,1,1,0
BRDA:15,2,0,0
BRDA:15,2,1,0
BRDA:16,3,0,0
BRDA:16,3,1,0
BRDA:17,4,0,0
BRDA:17,4,1,0
BRDA:18,5,0,0
BRDA:18,5,1,0
BRF:11
BRH:0
end_of_record
TN:
SF:src\components\ui\Button.tsx
FN:11,Button
FNF:1
FNH:1
FNDA:3,Button
DA:21,3
LF:1
LH:1
BRDA:12,0,0,3
BRDA:13,1,0,3
BRDA:23,2,0,3
BRDA:23,2,1,3
BRDA:29,3,0,3
BRDA:29,3,1,1
BRDA:30,4,0,3
BRDA:30,4,1,2
BRDA:31,5,0,3
BRDA:31,5,1,0
BRDA:32,6,0,3
BRDA:32,6,1,0
BRDA:33,7,0,3
BRDA:33,7,1,3
BRDA:34,8,0,3
BRDA:34,8,1,0
BRDA:35,9,0,3
BRDA:35,9,1,0
BRDA:40,10,0,0
BRDA:40,10,1,3
BRF:20
BRH:15
end_of_record
TN:
SF:src\components\ui\Card.tsx
FN:9,Card
FNF:1
FNH:0
FNDA:0,Card
DA:10,0
LF:1
LH:0
BRDA:15,0,0,0
BRDA:15,0,1,0
BRF:2
BRH:0
end_of_record
TN:
SF:src\components\ui\ContextMenu.tsx
FN:20,ContextMenu
FN:23,(anonymous_1)
FN:25,(anonymous_2)
FN:28,(anonymous_3)
FN:31,(anonymous_4)
FN:35,(anonymous_5)
FN:55,(anonymous_6)
FN:57,(anonymous_7)
FN:61,(anonymous_8)
FNF:9
FNH:2
FNDA:1,ContextMenu
FNDA:1,(anonymous_1)
FNDA:0,(anonymous_2)
FNDA:0,(anonymous_3)
FNDA:0,(anonymous_4)
FNDA:0,(anonymous_5)
FNDA:0,(anonymous_6)
FNDA:0,(anonymous_7)
FNDA:0,(anonymous_8)
DA:21,1
DA:23,1
DA:24,1
DA:25,0
DA:26,0
DA:28,0
DA:29,0
DA:31,0
DA:32,0
DA:33,0
DA:34,0
DA:35,0
DA:36,0
DA:37,0
DA:38,0
DA:42,1
DA:45,0
DA:46,0
DA:47,0
DA:48,0
DA:50,0
DA:55,0
DA:58,0
DA:62,0
DA:63,0
DA:64,0
DA:65,0
LF:27
LH:4
BRDA:24,0,0,1
BRDA:24,0,1,0
BRDA:26,1,0,0
BRDA:26,1,1,0
BRDA:26,2,0,0
BRDA:26,2,1,0
BRDA:29,3,0,0
BRDA:29,3,1,0
BRDA:42,4,0,1
BRDA:42,4,1,0
BRDA:59,5,0,0
BRDA:59,5,1,0
BRDA:59,5,2,0
BRDA:63,6,0,0
BRDA:63,6,1,0
BRDA:70,7,0,0
BRDA:70,7,1,0
BRDA:72,8,0,0
BRDA:72,8,1,0
BRDA:77,9,0,0
BRDA:77,9,1,0
BRF:21
BRH:2
end_of_record
TN:
SF:src\components\ui\EmptyState.tsx
FN:11,EmptyState
FNF:1
FNH:0
FNDA:0,EmptyState
DA:12,0
LF:1
LH:0
BRDA:15,0,0,0
BRDA:15,0,1,0
BRDA:18,1,0,0
BRDA:18,1,1,0
BRDA:21,2,0,0
BRDA:21,2,1,0
BRF:6
BRH:0
end_of_record
TN:
SF:src\components\ui\Input.tsx
FN:9,Input
FNF:1
FNH:0
FNDA:0,Input
DA:10,0
DA:11,0
LF:2
LH:0
BRDA:10,0,0,0
BRDA:10,0,1,0
BRDA:13,1,0,0
BRDA:13,1,1,0
BRDA:16,2,0,0
BRDA:16,2,1,0
BRDA:26,3,0,0
BRDA:26,3,1,0
BRDA:33,4,0,0
BRDA:33,4,1,0
BRF:10
BRH:0
end_of_record
TN:
SF:src\components\ui\LoadingSpinner.tsx
FN:3,LoadingSpinner
FNF:1
FNH:1
FNDA:1,LoadingSpinner
DA:4,1
LF:1
LH:1
BRDA:3,0,0,1
BRDA:9,1,0,1
BRDA:9,1,1,0
BRDA:10,2,0,1
BRDA:10,2,1,1
BRDA:11,3,0,1
BRDA:11,3,1,0
BRF:7
BRH:5
end_of_record
TN:
SF:src\components\ui\Modal.tsx
FN:13,Modal
FN:16,(anonymous_1)
FN:22,(anonymous_2)
FNF:3
FNH:3
FNDA:1,Modal
FNDA:1,(anonymous_1)
FNDA:1,(anonymous_2)
DA:14,1
DA:16,1
DA:17,1
DA:18,0
DA:20,1
DA:22,1
DA:25,1
DA:27,0
LF:8
LH:6
BRDA:13,0,0,1
BRDA:17,1,0,0
BRDA:17,1,1,1
BRDA:25,2,0,1
BRDA:25,2,1,0
BRDA:35,3,0,0
BRDA:35,3,1,0
BRDA:36,4,0,1
BRDA:36,4,1,0
BRDA:37,5,0,1
BRDA:37,5,1,0
BRDA:38,6,0,1
BRDA:38,6,1,0
BRF:13
BRH:6
end_of_record
TN:
SF:src\components\ui\Pagination.tsx
FN:11,Pagination
FN:23,(anonymous_1)
FN:35,(anonymous_2)
FNF:3
FNH:0
FNDA:0,Pagination
FNDA:0,(anonymous_1)
FNDA:0,(anonymous_2)
DA:12,0
DA:14,0
DA:23,0
DA:35,0
LF:4
LH:0
BRDA:12,0,0,0
BRDA:12,0,1,0
BRDA:17,1,0,0
BRDA:17,1,1,0
BRF:4
BRH:0
end_of_record
TN:
SF:src\components\ui\Select.tsx
FN:11,Select
FN:33,(anonymous_1)
FNF:2
FNH:0
FNDA:0,Select
FNDA:0,(anonymous_1)
DA:12,0
DA:13,0
DA:34,0
LF:3
LH:0
BRDA:12,0,0,0
BRDA:12,0,1,0
BRDA:15,1,0,0
BRDA:15,1,1,0
BRDA:18,2,0,0
BRDA:18,2,1,0
BRDA:27,3,0,0
BRDA:27,3,1,0
BRDA:32,4,0,0
BRDA:32,4,1,0
BRDA:37,5,0,0
BRDA:37,5,1,0
BRF:12
BRH:0
end_of_record
TN:
SF:src\components\upload\UploadDock.tsx
FN:8,statusColor
FN:18,UploadDock
FN:19,(anonymous_2)
FN:20,(anonymous_3)
FN:21,(anonymous_4)
FN:22,(anonymous_5)
FN:23,(anonymous_6)
FN:24,(anonymous_7)
FN:25,(anonymous_8)
FN:26,(anonymous_9)
FN:27,(anonymous_10)
FN:28,(anonymous_11)
FN:34,(anonymous_12)
FN:35,(anonymous_13)
FN:45,(anonymous_14)
FN:46,(anonymous_15)
FN:47,(anonymous_16)
FN:56,(anonymous_17)
FN:59,(anonymous_18)
FN:67,(anonymous_19)
FN:104,(anonymous_20)
FN:107,(anonymous_21)
FN:110,(anonymous_22)
FN:113,(anonymous_23)
FN:117,(anonymous_24)
FN:118,(anonymous_25)
FN:119,(anonymous_26)
FN:123,(anonymous_27)
FNF:28
FNH:12
FNDA:0,statusColor
FNDA:1,UploadDock
FNDA:3,(anonymous_2)
FNDA:3,(anonymous_3)
FNDA:3,(anonymous_4)
FNDA:3,(anonymous_5)
FNDA:3,(anonymous_6)
FNDA:3,(anonymous_7)
FNDA:3,(anonymous_8)
FNDA:3,(anonymous_9)
FNDA:3,(anonymous_10)
FNDA:3,(anonymous_11)
FNDA:1,(anonymous_12)
FNDA:0,(anonymous_13)
FNDA:0,(anonymous_14)
FNDA:0,(anonymous_15)
FNDA:0,(anonymous_16)
FNDA:0,(anonymous_17)
FNDA:0,(anonymous_18)
FNDA:0,(anonymous_19)
FNDA:0,(anonymous_20)
FNDA:0,(anonymous_21)
FNDA:0,(anonymous_22)
FNDA:0,(anonymous_23)
FNDA:0,(anonymous_24)
FNDA:0,(anonymous_25)
FNDA:0,(anonymous_26)
FNDA:0,(anonymous_27)
DA:9,0
DA:10,0
DA:11,0
DA:12,0
DA:13,0
DA:14,0
DA:19,3
DA:20,3
DA:21,3
DA:22,3
DA:23,3
DA:24,3
DA:25,3
DA:26,3
DA:27,3
DA:28,3
DA:30,1
DA:31,1
DA:32,1
DA:34,1
DA:35,1
DA:36,1
DA:37,0
DA:38,0
DA:40,1
DA:43,1
DA:45,0
DA:46,0
DA:47,0
DA:49,0
DA:56,0
DA:59,0
DA:68,0
DA:69,0
DA:104,0
DA:107,0
DA:110,0
DA:113,0
DA:117,0
DA:118,0
DA:119,0
DA:123,0
LF:42
LH:18
BRDA:9,0,0,0
BRDA:9,0,1,0
BRDA:9,0,2,0
BRDA:9,0,3,0
BRDA:9,0,4,0
BRDA:36,1,0,0
BRDA:36,1,1,1
BRDA:43,2,0,1
BRDA:43,2,1,0
BRDA:43,3,0,1
BRDA:43,3,1,0
BRDA:45,4,0,0
BRDA:45,4,1,0
BRDA:53,5,0,0
BRDA:53,5,1,0
BRDA:53,6,0,0
BRDA:53,6,1,0
BRDA:57,7,0,0
BRDA:57,7,1,0
BRDA:65,8,0,1
BRDA:65,8,1,0
BRDA:79,9,0,0
BRDA:79,9,1,0
BRDA:79,9,2,0
BRDA:82,10,0,0
BRDA:82,10,1,0
BRDA:83,11,0,0
BRDA:83,11,1,0
BRDA:87,12,0,0
BRDA:87,12,1,0
BRDA:87,12,2,0
BRDA:87,12,3,0
BRDA:94,13,0,0
BRDA:94,13,1,0
BRDA:97,14,0,0
BRDA:97,14,1,0
BRDA:103,15,0,0
BRDA:103,15,1,0
BRDA:103,15,2,0
BRDA:106,16,0,0
BRDA:106,16,1,0
BRDA:109,17,0,0
BRDA:109,17,1,0
BRDA:109,17,2,0
BRDA:109,17,3,0
BRDA:112,18,0,0
BRDA:112,18,1,0
BRDA:112,18,2,0
BRDA:115,19,0,0
BRDA:115,19,1,0
BRDA:122,20,0,0
BRDA:122,20,1,0
BRDA:122,20,2,0
BRDA:122,20,3,0
BRF:54
BRH:4
end_of_record
TN:
SF:src\hooks\useBucketManager.ts
FN:8,(anonymous_0)
FN:9,(anonymous_1)
FN:10,(anonymous_2)
FN:13,usePoliciesList
FN:16,(anonymous_4)
FN:20,usePolicyDetail
FN:23,(anonymous_6)
FN:28,usePolicyByFolderType
FN:31,(anonymous_8)
FN:36,useCreatePolicy
FN:39,(anonymous_10)
FN:40,(anonymous_11)
FN:44,(anonymous_12)
FN:48,useUpdatePolicy
FN:51,(anonymous_14)
FN:53,(anonymous_15)
FN:57,(anonymous_16)
FN:61,useDeletePolicy
FN:64,(anonymous_18)
FN:65,(anonymous_19)
FN:69,(anonymous_20)
FNF:21
FNH:0
FNDA:0,(anonymous_0)
FNDA:0,(anonymous_1)
FNDA:0,(anonymous_2)
FNDA:0,usePoliciesList
FNDA:0,(anonymous_4)
FNDA:0,usePolicyDetail
FNDA:0,(anonymous_6)
FNDA:0,usePolicyByFolderType
FNDA:0,(anonymous_8)
FNDA:0,useCreatePolicy
FNDA:0,(anonymous_10)
FNDA:0,(anonymous_11)
FNDA:0,(anonymous_12)
FNDA:0,useUpdatePolicy
FNDA:0,(anonymous_14)
FNDA:0,(anonymous_15)
FNDA:0,(anonymous_16)
FNDA:0,useDeletePolicy
FNDA:0,(anonymous_18)
FNDA:0,(anonymous_19)
FNDA:0,(anonymous_20)
DA:6,1
DA:8,0
DA:9,0
DA:10,0
DA:14,0
DA:16,0
DA:21,0
DA:23,0
DA:29,0
DA:31,0
DA:37,0
DA:38,0
DA:39,0
DA:41,0
DA:42,0
DA:44,0
DA:49,0
DA:50,0
DA:52,0
DA:54,0
DA:55,0
DA:57,0
DA:62,0
DA:63,0
DA:64,0
DA:66,0
DA:67,0
DA:69,0
LF:28
LH:1
BRDA:13,0,0,0
BRDA:44,1,0,0
BRDA:44,1,1,0
BRDA:57,2,0,0
BRDA:57,2,1,0
BRDA:69,3,0,0
BRDA:69,3,1,0
BRF:7
BRH:0
end_of_record
TN:
SF:src\hooks\useDocumentTypes.ts
FN:8,(anonymous_0)
FN:9,(anonymous_1)
FN:10,(anonymous_2)
FN:13,useDocumentTypesList
FN:16,(anonymous_4)
FN:20,useDocumentTypeDetail
FN:23,(anonymous_6)
FN:32,useDocumentTypeByName
FN:35,(anonymous_8)
FN:40,useCreateDocumentType
FN:43,(anonymous_10)
FN:44,(anonymous_11)
FN:48,(anonymous_12)
FN:52,useUpdateDocumentType
FN:55,(anonymous_14)
FN:57,(anonymous_15)
FN:61,(anonymous_16)
FN:65,useDeleteDocumentType
FN:68,(anonymous_18)
FN:69,(anonymous_19)
FN:73,(anonymous_20)
FNF:21
FNH:0
FNDA:0,(anonymous_0)
FNDA:0,(anonymous_1)
FNDA:0,(anonymous_2)
FNDA:0,useDocumentTypesList
FNDA:0,(anonymous_4)
FNDA:0,useDocumentTypeDetail
FNDA:0,(anonymous_6)
FNDA:0,useDocumentTypeByName
FNDA:0,(anonymous_8)
FNDA:0,useCreateDocumentType
FNDA:0,(anonymous_10)
FNDA:0,(anonymous_11)
FNDA:0,(anonymous_12)
FNDA:0,useUpdateDocumentType
FNDA:0,(anonymous_14)
FNDA:0,(anonymous_15)
FNDA:0,(anonymous_16)
FNDA:0,useDeleteDocumentType
FNDA:0,(anonymous_18)
FNDA:0,(anonymous_19)
FNDA:0,(anonymous_20)
DA:6,1
DA:8,0
DA:9,0
DA:10,0
DA:14,0
DA:16,0
DA:21,0
DA:23,0
DA:33,0
DA:35,0
DA:41,0
DA:42,0
DA:43,0
DA:45,0
DA:46,0
DA:48,0
DA:53,0
DA:54,0
DA:56,0
DA:58,0
DA:59,0
DA:61,0
DA:66,0
DA:67,0
DA:68,0
DA:70,0
DA:71,0
DA:73,0
LF:28
LH:1
BRDA:13,0,0,0
BRDA:13,1,0,0
BRDA:48,2,0,0
BRDA:48,2,1,0
BRDA:61,3,0,0
BRDA:61,3,1,0
BRDA:73,4,0,0
BRDA:73,4,1,0
BRF:8
BRH:0
end_of_record
TN:
SF:src\hooks\useDocuments.ts
FN:9,(anonymous_0)
FN:10,(anonymous_1)
FN:11,(anonymous_2)
FN:14,useDocumentsList
FN:15,(anonymous_4)
FN:18,(anonymous_5)
FN:26,useAllDocuments
FN:29,(anonymous_7)
FN:33,useDocumentDetail
FN:34,(anonymous_9)
FN:37,(anonymous_10)
FN:42,useUploadDocument
FN:45,(anonymous_12)
FN:50,(anonymous_13)
FN:55,(anonymous_14)
FN:59,useUpdateDocument
FN:62,(anonymous_16)
FN:64,(anonymous_17)
FN:68,(anonymous_18)
FN:72,useDeleteDocument
FN:75,(anonymous_20)
FN:76,(anonymous_21)
FN:80,(anonymous_22)
FN:84,useCopyDocument
FN:87,(anonymous_24)
FN:89,(anonymous_25)
FN:93,(anonymous_26)
FN:97,useUpdateDocumentAttributes
FN:100,(anonymous_28)
FN:102,(anonymous_29)
FN:106,(anonymous_30)
FN:110,useCreateFromTemplate
FN:113,(anonymous_32)
FN:115,(anonymous_33)
FN:121,(anonymous_34)
FN:125,useBatchUpload
FN:128,(anonymous_36)
FN:133,(anonymous_37)
FN:137,(anonymous_38)
FNF:39
FNH:8
FNDA:0,(anonymous_0)
FNDA:1,(anonymous_1)
FNDA:1,(anonymous_2)
FNDA:0,useDocumentsList
FNDA:0,(anonymous_4)
FNDA:0,(anonymous_5)
FNDA:1,useAllDocuments
FNDA:1,(anonymous_7)
FNDA:1,useDocumentDetail
FNDA:3,(anonymous_9)
FNDA:0,(anonymous_10)
FNDA:0,useUploadDocument
FNDA:0,(anonymous_12)
FNDA:0,(anonymous_13)
FNDA:0,(anonymous_14)
FNDA:0,useUpdateDocument
FNDA:0,(anonymous_16)
FNDA:0,(anonymous_17)
FNDA:0,(anonymous_18)
FNDA:1,useDeleteDocument
FNDA:0,(anonymous_20)
FNDA:0,(anonymous_21)
FNDA:0,(anonymous_22)
FNDA:0,useCopyDocument
FNDA:0,(anonymous_24)
FNDA:0,(anonymous_25)
FNDA:0,(anonymous_26)
FNDA:0,useUpdateDocumentAttributes
FNDA:0,(anonymous_28)
FNDA:0,(anonymous_29)
FNDA:0,(anonymous_30)
FNDA:1,useCreateFromTemplate
FNDA:0,(anonymous_32)
FNDA:0,(anonymous_33)
FNDA:0,(anonymous_34)
FNDA:0,useBatchUpload
FNDA:0,(anonymous_36)
FNDA:0,(anonymous_37)
FNDA:0,(anonymous_38)
DA:7,1
DA:9,0
DA:10,1
DA:11,1
DA:15,0
DA:16,0
DA:18,0
DA:27,1
DA:29,1
DA:34,3
DA:35,1
DA:37,0
DA:43,0
DA:44,0
DA:49,0
DA:51,0
DA:52,0
DA:53,0
DA:55,0
DA:60,0
DA:61,0
DA:63,0
DA:65,0
DA:66,0
DA:68,0
DA:73,1
DA:74,1
DA:75,0
DA:77,0
DA:78,0
DA:80,0
DA:85,0
DA:86,0
DA:88,0
DA:90,0
DA:91,0
DA:93,0
DA:98,0
DA:99,0
DA:101,0
DA:103,0
DA:104,0
DA:106,0
DA:111,1
DA:112,1
DA:114,0
DA:116,0
DA:117,0
DA:118,0
DA:119,0
DA:121,0
DA:126,0
DA:127,0
DA:132,0
DA:134,0
DA:135,0
DA:137,0
LF:57
LH:11
BRDA:14,0,0,0
BRDA:14,1,0,0
BRDA:26,2,0,1
BRDA:26,3,0,1
BRDA:55,4,0,0
BRDA:55,4,1,0
BRDA:68,5,0,0
BRDA:68,5,1,0
BRDA:80,6,0,0
BRDA:80,6,1,0
BRDA:93,7,0,0
BRDA:93,7,1,0
BRDA:106,8,0,0
BRDA:106,8,1,0
BRDA:121,9,0,0
BRDA:121,9,1,0
BRDA:137,10,0,0
BRDA:137,10,1,0
BRF:18
BRH:2
end_of_record
TN:
SF:src\hooks\useFolderTypes.ts
FN:8,(anonymous_0)
FN:9,(anonymous_1)
FN:10,(anonymous_2)
FN:13,useFolderTypesList
FN:16,(anonymous_4)
FN:20,useActiveFolderTypes
FN:23,(anonymous_6)
FN:27,useFolderTypeDetail
FN:30,(anonymous_8)
FN:35,useCreateFolderType
FN:38,(anonymous_10)
FN:39,(anonymous_11)
FN:43,(anonymous_12)
FN:47,useUpdateFolderType
FN:50,(anonymous_14)
FN:52,(anonymous_15)
FN:56,(anonymous_16)
FN:60,useDeleteFolderType
FN:63,(anonymous_18)
FN:64,(anonymous_19)
FN:68,(anonymous_20)
FNF:21
FNH:0
FNDA:0,(anonymous_0)
FNDA:0,(anonymous_1)
FNDA:0,(anonymous_2)
FNDA:0,useFolderTypesList
FNDA:0,(anonymous_4)
FNDA:0,useActiveFolderTypes
FNDA:0,(anonymous_6)
FNDA:0,useFolderTypeDetail
FNDA:0,(anonymous_8)
FNDA:0,useCreateFolderType
FNDA:0,(anonymous_10)
FNDA:0,(anonymous_11)
FNDA:0,(anonymous_12)
FNDA:0,useUpdateFolderType
FNDA:0,(anonymous_14)
FNDA:0,(anonymous_15)
FNDA:0,(anonymous_16)
FNDA:0,useDeleteFolderType
FNDA:0,(anonymous_18)
FNDA:0,(anonymous_19)
FNDA:0,(anonymous_20)
DA:6,1
DA:8,0
DA:9,0
DA:10,0
DA:14,0
DA:16,0
DA:21,0
DA:23,0
DA:28,0
DA:30,0
DA:36,0
DA:37,0
DA:38,0
DA:40,0
DA:41,0
DA:43,0
DA:48,0
DA:49,0
DA:51,0
DA:53,0
DA:54,0
DA:56,0
DA:61,0
DA:62,0
DA:63,0
DA:65,0
DA:66,0
DA:68,0
LF:28
LH:1
BRDA:13,0,0,0
BRDA:13,1,0,0
BRDA:43,2,0,0
BRDA:43,2,1,0
BRDA:56,3,0,0
BRDA:56,3,1,0
BRDA:68,4,0,0
BRDA:68,4,1,0
BRF:8
BRH:0
end_of_record
TN:
SF:src\hooks\useFolders.ts
FN:9,(anonymous_0)
FN:10,(anonymous_1)
FN:11,(anonymous_2)
FN:14,useFoldersList
FN:15,(anonymous_4)
FN:18,(anonymous_5)
FN:22,useFolderDetail
FN:23,(anonymous_7)
FN:26,(anonymous_8)
FN:31,useFolderChildren
FN:32,(anonymous_10)
FN:35,(anonymous_11)
FN:40,useCreateFolder
FN:43,(anonymous_13)
FN:45,(anonymous_14)
FN:49,(anonymous_15)
FN:53,useUpdateFolder
FN:56,(anonymous_17)
FN:58,(anonymous_18)
FN:62,(anonymous_19)
FN:66,useDeleteFolder
FN:69,(anonymous_21)
FN:70,(anonymous_22)
FN:74,(anonymous_23)
FNF:24
FNH:8
FNDA:1,(anonymous_0)
FNDA:1,(anonymous_1)
FNDA:0,(anonymous_2)
FNDA:1,useFoldersList
FNDA:3,(anonymous_4)
FNDA:1,(anonymous_5)
FNDA:1,useFolderDetail
FNDA:3,(anonymous_7)
FNDA:0,(anonymous_8)
FNDA:0,useFolderChildren
FNDA:0,(anonymous_10)
FNDA:0,(anonymous_11)
FNDA:0,useCreateFolder
FNDA:0,(anonymous_13)
FNDA:0,(anonymous_14)
FNDA:0,(anonymous_15)
FNDA:0,useUpdateFolder
FNDA:0,(anonymous_17)
FNDA:0,(anonymous_18)
FNDA:0,(anonymous_19)
FNDA:1,useDeleteFolder
FNDA:0,(anonymous_21)
FNDA:0,(anonymous_22)
FNDA:0,(anonymous_23)
DA:7,1
DA:9,1
DA:10,1
DA:11,0
DA:15,3
DA:16,1
DA:18,1
DA:23,3
DA:24,1
DA:26,0
DA:32,0
DA:33,0
DA:35,0
DA:41,0
DA:42,0
DA:44,0
DA:46,0
DA:47,0
DA:49,0
DA:54,0
DA:55,0
DA:57,0
DA:59,0
DA:60,0
DA:62,0
DA:67,1
DA:68,1
DA:69,0
DA:71,0
DA:72,0
DA:74,0
LF:31
LH:10
BRDA:14,0,0,1
BRDA:14,1,0,1
BRDA:31,2,0,0
BRDA:31,3,0,0
BRDA:44,4,0,0
BRDA:44,4,1,0
BRDA:49,5,0,0
BRDA:49,5,1,0
BRDA:62,6,0,0
BRDA:62,6,1,0
BRDA:74,7,0,0
BRDA:74,7,1,0
BRF:12
BRH:2
end_of_record
TN:
SF:src\hooks\useNavigation.ts
FN:5,(anonymous_0)
FN:6,(anonymous_1)
FN:9,useMyDrive
FN:12,(anonymous_3)
FN:16,useFolderContents
FN:19,(anonymous_5)
FNF:6
FNH:5
FNDA:1,(anonymous_0)
FNDA:1,(anonymous_1)
FNDA:1,useMyDrive
FNDA:1,(anonymous_3)
FNDA:1,useFolderContents
FNDA:0,(anonymous_5)
DA:4,1
DA:5,1
DA:6,1
DA:10,1
DA:12,1
DA:17,1
DA:19,0
LF:7
LH:6
BRDA:9,0,0,1
BRDA:9,1,0,1
BRDA:16,2,0,1
BRDA:16,3,0,1
BRF:4
BRH:4
end_of_record
TN:
SF:src\hooks\useTags.ts
FN:8,useTagsList
FN:11,(anonymous_1)
FN:15,useCreateTag
FN:18,(anonymous_3)
FN:19,(anonymous_4)
FN:23,(anonymous_5)
FN:27,useDeleteTag
FN:30,(anonymous_7)
FN:31,(anonymous_8)
FN:35,(anonymous_9)
FN:39,useUpdateDocumentTags
FN:42,(anonymous_11)
FN:43,(anonymous_12)
FN:47,(anonymous_13)
FNF:14
FNH:0
FNDA:0,useTagsList
FNDA:0,(anonymous_1)
FNDA:0,useCreateTag
FNDA:0,(anonymous_3)
FNDA:0,(anonymous_4)
FNDA:0,(anonymous_5)
FNDA:0,useDeleteTag
FNDA:0,(anonymous_7)
FNDA:0,(anonymous_8)
FNDA:0,(anonymous_9)
FNDA:0,useUpdateDocumentTags
FNDA:0,(anonymous_11)
FNDA:0,(anonymous_12)
FNDA:0,(anonymous_13)
DA:6,1
DA:9,0
DA:11,0
DA:16,0
DA:17,0
DA:18,0
DA:20,0
DA:21,0
DA:23,0
DA:28,0
DA:29,0
DA:30,0
DA:32,0
DA:33,0
DA:35,0
DA:40,0
DA:41,0
DA:42,0
DA:44,0
DA:45,0
DA:47,0
LF:21
LH:1
BRDA:23,0,0,0
BRDA:23,0,1,0
BRDA:35,1,0,0
BRDA:35,1,1,0
BRDA:47,2,0,0
BRDA:47,2,1,0
BRF:6
BRH:0
end_of_record
TN:
SF:src\hooks\useTrash.ts
FN:7,(anonymous_0)
FN:10,useTrashList
FN:13,(anonymous_2)
FN:17,useRestoreTrashItem
FN:20,(anonymous_4)
FN:21,(anonymous_5)
FN:27,(anonymous_6)
FN:31,usePermanentDelete
FN:34,(anonymous_8)
FN:35,(anonymous_9)
FN:39,(anonymous_10)
FN:43,useEmptyTrash
FN:46,(anonymous_12)
FN:47,(anonymous_13)
FN:51,(anonymous_14)
FNF:15
FNH:0
FNDA:0,(anonymous_0)
FNDA:0,useTrashList
FNDA:0,(anonymous_2)
FNDA:0,useRestoreTrashItem
FNDA:0,(anonymous_4)
FNDA:0,(anonymous_5)
FNDA:0,(anonymous_6)
FNDA:0,usePermanentDelete
FNDA:0,(anonymous_8)
FNDA:0,(anonymous_9)
FNDA:0,(anonymous_10)
FNDA:0,useEmptyTrash
FNDA:0,(anonymous_12)
FNDA:0,(anonymous_13)
FNDA:0,(anonymous_14)
DA:5,1
DA:7,0
DA:11,0
DA:13,0
DA:18,0
DA:19,0
DA:20,0
DA:22,0
DA:23,0
DA:24,0
DA:25,0
DA:27,0
DA:32,0
DA:33,0
DA:34,0
DA:36,0
DA:37,0
DA:39,0
DA:44,0
DA:45,0
DA:46,0
DA:48,0
DA:49,0
DA:51,0
LF:24
LH:1
BRDA:10,0,0,0
BRDA:10,1,0,0
BRDA:27,2,0,0
BRDA:27,2,1,0
BRDA:39,3,0,0
BRDA:39,3,1,0
BRDA:51,4,0,0
BRDA:51,4,1,0
BRF:8
BRH:0
end_of_record
TN:
SF:src\hooks\useVersions.ts
FN:7,(anonymous_0)
FN:10,useVersionsList
FN:13,(anonymous_2)
FN:18,useUploadNewVersion
FN:21,(anonymous_4)
FN:23,(anonymous_5)
FN:28,(anonymous_6)
FN:32,useRevertVersion
FN:35,(anonymous_8)
FN:37,(anonymous_9)
FN:41,(anonymous_10)
FNF:11
FNH:0
FNDA:0,(anonymous_0)
FNDA:0,useVersionsList
FNDA:0,(anonymous_2)
FNDA:0,useUploadNewVersion
FNDA:0,(anonymous_4)
FNDA:0,(anonymous_5)
FNDA:0,(anonymous_6)
FNDA:0,useRevertVersion
FNDA:0,(anonymous_8)
FNDA:0,(anonymous_9)
FNDA:0,(anonymous_10)
DA:6,1
DA:7,0
DA:11,0
DA:13,0
DA:19,0
DA:20,0
DA:22,0
DA:24,0
DA:25,0
DA:26,0
DA:28,0
DA:33,0
DA:34,0
DA:36,0
DA:38,0
DA:39,0
DA:41,0
LF:17
LH:1
BRDA:28,0,0,0
BRDA:28,0,1,0
BRDA:41,1,0,0
BRDA:41,1,1,0
BRF:4
BRH:0
end_of_record
TN:
SF:src\lib\errorToast.tsx
FN:16,showApiError
FN:23,(anonymous_1)
FN:38,(anonymous_2)
FN:47,(anonymous_3)
FNF:4
FNH:0
FNDA:0,showApiError
FNDA:0,(anonymous_1)
FNDA:0,(anonymous_2)
FNDA:0,(anonymous_3)
DA:17,0
DA:18,0
DA:19,0
DA:20,0
DA:21,0
DA:23,0
DA:24,0
DA:25,0
DA:39,0
DA:40,0
DA:47,0
LF:11
LH:0
BRDA:17,0,0,0
BRDA:17,0,1,0
BRDA:17,0,2,0
BRDA:18,1,0,0
BRDA:18,1,1,0
BRDA:19,2,0,0
BRDA:19,2,1,0
BRDA:27,3,0,0
BRDA:27,3,1,0
BRDA:32,4,0,0
BRDA:32,4,1,0
BRDA:34,5,0,0
BRDA:34,5,1,0
BRDA:35,6,0,0
BRDA:35,6,1,0
BRDA:40,7,0,0
BRDA:40,7,1,0
BRF:17
BRH:0
end_of_record
TN:
SF:src\pages\BucketManagerPage.tsx
FN:22,BucketManagerPage
FN:43,(anonymous_1)
FN:45,(anonymous_2)
FN:52,(anonymous_3)
FN:62,(anonymous_4)
FN:63,(anonymous_5)
FN:66,(anonymous_6)
FN:70,(anonymous_7)
FN:71,(anonymous_8)
FN:84,(anonymous_9)
FN:89,(anonymous_10)
FN:99,(anonymous_11)
FN:117,(anonymous_12)
FN:120,(anonymous_13)
FN:124,(anonymous_14)
FN:153,(anonymous_15)
FN:159,(anonymous_16)
FN:160,(anonymous_17)
FN:168,(anonymous_18)
FN:177,(anonymous_19)
FN:185,(anonymous_20)
FN:189,(anonymous_21)
FN:196,(anonymous_22)
FN:201,(anonymous_23)
FN:206,(anonymous_24)
FN:211,(anonymous_25)
FN:218,(anonymous_26)
FNF:27
FNH:0
FNDA:0,BucketManagerPage
FNDA:0,(anonymous_1)
FNDA:0,(anonymous_2)
FNDA:0,(anonymous_3)
FNDA:0,(anonymous_4)
FNDA:0,(anonymous_5)
FNDA:0,(anonymous_6)
FNDA:0,(anonymous_7)
FNDA:0,(anonymous_8)
FNDA:0,(anonymous_9)
FNDA:0,(anonymous_10)
FNDA:0,(anonymous_11)
FNDA:0,(anonymous_12)
FNDA:0,(anonymous_13)
FNDA:0,(anonymous_14)
FNDA:0,(anonymous_15)
FNDA:0,(anonymous_16)
FNDA:0,(anonymous_17)
FNDA:0,(anonymous_18)
FNDA:0,(anonymous_19)
FNDA:0,(anonymous_20)
FNDA:0,(anonymous_21)
FNDA:0,(anonymous_22)
FNDA:0,(anonymous_23)
FNDA:0,(anonymous_24)
FNDA:0,(anonymous_25)
FNDA:0,(anonymous_26)
DA:23,0
DA:24,0
DA:25,0
DA:26,0
DA:27,0
DA:28,0
DA:30,0
DA:31,0
DA:33,0
DA:34,0
DA:35,0
DA:36,0
DA:41,0
DA:43,0
DA:44,0
DA:46,0
DA:47,0
DA:52,0
DA:53,0
DA:54,0
DA:59,0
DA:62,0
DA:63,0
DA:66,0
DA:67,0
DA:70,0
DA:71,0
DA:73,0
DA:84,0
DA:89,0
DA:100,0
DA:117,0
DA:120,0
DA:124,0
DA:153,0
DA:159,0
DA:160,0
DA:168,0
DA:177,0
DA:185,0
DA:189,0
DA:196,0
DA:201,0
DA:206,0
DA:211,0
DA:218,0
LF:46
LH:0
BRDA:30,0,0,0
BRDA:30,0,1,0
BRDA:31,1,0,0
BRDA:31,1,1,0
BRDA:71,2,0,0
BRDA:71,2,1,0
BRDA:82,3,0,0
BRDA:82,3,1,0
BRDA:85,4,0,0
BRDA:85,4,1,0
BRDA:87,5,0,0
BRDA:87,5,1,0
BRDA:93,6,0,0
BRDA:93,6,1,0
BRDA:95,7,0,0
BRDA:95,7,1,0
BRDA:108,8,0,0
BRDA:108,8,1,0
BRDA:109,9,0,0
BRDA:109,9,1,0
BRDA:110,10,0,0
BRDA:110,10,1,0
BRDA:118,11,0,0
BRDA:118,11,1,0
BRDA:124,12,0,0
BRDA:124,12,1,0
BRDA:134,13,0,0
BRDA:134,13,1,0
BRDA:163,14,0,0
BRDA:163,14,1,0
BRDA:200,15,0,0
BRDA:200,15,1,0
BRDA:205,16,0,0
BRDA:205,16,1,0
BRDA:210,17,0,0
BRDA:210,17,1,0
BRF:36
BRH:0
end_of_record
TN:
SF:src\pages\DashboardPage.tsx
FN:27,isFolder
FN:37,getDocId
FN:41,StatCard
FN:55,DashboardPage
FN:61,(anonymous_4)
FN:70,(anonymous_5)
FN:75,(anonymous_6)
FN:102,(anonymous_7)
FN:103,(anonymous_8)
FN:105,(anonymous_9)
FN:112,(anonymous_10)
FN:123,(anonymous_11)
FN:125,(anonymous_12)
FN:140,(anonymous_13)
FN:144,(anonymous_14)
FN:150,(anonymous_15)
FN:151,(anonymous_16)
FN:152,(anonymous_17)
FN:153,(anonymous_18)
FN:154,(anonymous_19)
FN:155,(anonymous_20)
FN:160,(anonymous_21)
FN:161,(anonymous_22)
FN:162,(anonymous_23)
FN:163,(anonymous_24)
FN:164,(anonymous_25)
FN:165,(anonymous_26)
FN:166,(anonymous_27)
FN:167,(anonymous_28)
FN:168,(anonymous_29)
FN:169,(anonymous_30)
FN:189,(anonymous_31)
FN:190,(anonymous_32)
FN:191,(anonymous_33)
FN:206,(anonymous_34)
FN:209,(anonymous_35)
FN:210,(anonymous_36)
FN:242,(anonymous_37)
FN:246,(anonymous_38)
FN:247,(anonymous_39)
FN:248,(anonymous_40)
FN:278,(anonymous_41)
FN:282,(anonymous_42)
FN:283,(anonymous_43)
FN:298,(anonymous_44)
FN:299,(anonymous_45)
FN:300,(anonymous_46)
FN:320,(anonymous_47)
FN:327,(anonymous_48)
FN:344,(anonymous_49)
FN:358,(anonymous_50)
FNF:51
FNH:3
FNDA:0,isFolder
FNDA:0,getDocId
FNDA:3,StatCard
FNDA:1,DashboardPage
FNDA:3,(anonymous_4)
FNDA:0,(anonymous_5)
FNDA:0,(anonymous_6)
FNDA:0,(anonymous_7)
FNDA:0,(anonymous_8)
FNDA:0,(anonymous_9)
FNDA:0,(anonymous_10)
FNDA:0,(anonymous_11)
FNDA:0,(anonymous_12)
FNDA:0,(anonymous_13)
FNDA:0,(anonymous_14)
FNDA:0,(anonymous_15)
FNDA:0,(anonymous_16)
FNDA:0,(anonymous_17)
FNDA:0,(anonymous_18)
FNDA:0,(anonymous_19)
FNDA:0,(anonymous_20)
FNDA:0,(anonymous_21)
FNDA:0,(anonymous_22)
FNDA:0,(anonymous_23)
FNDA:0,(anonymous_24)
FNDA:0,(anonymous_25)
FNDA:0,(anonymous_26)
FNDA:0,(anonymous_27)
FNDA:0,(anonymous_28)
FNDA:0,(anonymous_29)
FNDA:0,(anonymous_30)
FNDA:0,(anonymous_31)
FNDA:0,(anonymous_32)
FNDA:0,(anonymous_33)
FNDA:0,(anonymous_34)
FNDA:0,(anonymous_35)
FNDA:0,(anonymous_36)
FNDA:0,(anonymous_37)
FNDA:0,(anonymous_38)
FNDA:0,(anonymous_39)
FNDA:0,(anonymous_40)
FNDA:0,(anonymous_41)
FNDA:0,(anonymous_42)
FNDA:0,(anonymous_43)
FNDA:0,(anonymous_44)
FNDA:0,(anonymous_45)
FNDA:0,(anonymous_46)
FNDA:0,(anonymous_47)
FNDA:0,(anonymous_48)
FNDA:0,(anonymous_49)
FNDA:0,(anonymous_50)
DA:32,0
DA:33,0
DA:34,0
DA:38,0
DA:42,3
DA:56,1
DA:57,1
DA:58,1
DA:59,1
DA:60,1
DA:61,3
DA:64,1
DA:65,1
DA:66,1
DA:67,1
DA:68,1
DA:70,1
DA:71,0
DA:72,0
DA:75,1
DA:76,0
DA:77,0
DA:80,1
DA:81,1
DA:84,1
DA:86,1
DA:90,1
DA:91,1
DA:92,1
DA:93,1
DA:95,1
DA:96,1
DA:97,1
DA:98,1
DA:99,1
DA:101,1
DA:102,1
DA:103,1
DA:105,1
DA:106,0
DA:107,0
DA:108,0
DA:109,0
DA:112,1
DA:113,0
DA:114,0
DA:115,0
DA:116,0
DA:118,0
DA:120,0
DA:123,1
DA:125,1
DA:126,0
DA:127,0
DA:128,0
DA:129,0
DA:130,0
DA:131,0
DA:132,0
DA:133,0
DA:135,0
DA:140,1
DA:141,0
DA:142,0
DA:144,1
DA:145,0
DA:146,0
DA:150,1
DA:151,0
DA:152,0
DA:153,0
DA:154,0
DA:156,0
DA:160,1
DA:161,0
DA:162,0
DA:163,0
DA:164,0
DA:165,0
DA:166,0
DA:167,0
DA:168,0
DA:170,0
DA:174,1
DA:189,0
DA:190,0
DA:191,0
DA:207,0
DA:210,0
DA:211,0
DA:212,0
DA:213,0
DA:243,0
DA:246,0
DA:247,0
DA:248,0
DA:279,0
DA:282,0
DA:283,0
DA:298,0
DA:299,0
DA:300,0
DA:320,0
DA:327,0
DA:344,0
DA:358,0
LF:106
LH:39
BRDA:33,0,0,0
BRDA:33,0,1,0
BRDA:34,1,0,0
BRDA:34,1,1,0
BRDA:38,2,0,0
BRDA:38,2,1,0
BRDA:70,3,0,0
BRDA:86,4,0,1
BRDA:86,4,1,1
BRDA:92,5,0,1
BRDA:92,5,1,1
BRDA:93,6,0,1
BRDA:93,6,1,1
BRDA:95,7,0,0
BRDA:95,7,1,1
BRDA:96,8,0,0
BRDA:96,8,1,1
BRDA:97,9,0,1
BRDA:97,9,1,1
BRDA:98,10,0,1
BRDA:98,10,1,1
BRDA:99,11,0,1
BRDA:99,11,1,1
BRDA:107,12,0,0
BRDA:107,12,1,0
BRDA:113,13,0,0
BRDA:113,13,1,0
BRDA:131,14,0,0
BRDA:131,14,1,0
BRDA:156,15,0,0
BRDA:156,15,1,0
BRDA:170,16,0,0
BRDA:170,16,1,0
BRDA:190,17,0,0
BRDA:190,17,1,0
BRDA:204,18,0,1
BRDA:204,18,1,0
BRDA:217,19,0,1
BRDA:217,19,1,0
BRDA:229,20,0,1
BRDA:229,20,1,0
BRDA:231,21,0,0
BRDA:231,21,1,0
BRDA:232,22,0,0
BRDA:232,22,1,0
BRDA:236,23,0,0
BRDA:236,23,1,0
BRDA:255,24,0,0
BRDA:255,24,1,0
BRDA:256,25,0,0
BRDA:256,25,1,0
BRDA:259,26,0,0
BRDA:259,26,1,0
BRDA:259,26,2,0
BRDA:261,27,0,0
BRDA:261,27,1,0
BRDA:262,28,0,0
BRDA:262,28,1,0
BRDA:272,29,0,0
BRDA:272,29,1,0
BRDA:289,30,0,0
BRDA:289,30,1,0
BRDA:318,31,0,1
BRDA:318,31,1,1
BRDA:319,32,0,1
BRDA:319,32,1,1
BRDA:321,33,0,0
BRDA:321,33,1,1
BRDA:321,34,0,0
BRDA:321,34,1,1
BRDA:328,35,0,1
BRDA:328,35,1,1
BRDA:329,36,0,0
BRDA:329,36,1,1
BRDA:332,37,0,0
BRDA:332,37,1,1
BRDA:334,38,0,0
BRDA:334,38,1,1
BRDA:341,39,0,1
BRDA:341,39,1,0
BRDA:346,40,0,0
BRDA:346,40,1,0
BRDA:347,41,0,0
BRDA:347,41,1,0
BRDA:348,42,0,0
BRDA:348,42,1,0
BRDA:349,43,0,0
BRDA:349,43,1,0
BRDA:355,44,0,1
BRDA:355,44,1,0
BRDA:361,45,0,0
BRDA:361,45,1,0
BRF:92
BRH:30
end_of_record
TN:
SF:src\pages\DocumentTypesPage.tsx
FN:19,(anonymous_0)
FN:25,DocumentTypesPage
FN:34,(anonymous_2)
FN:45,(anonymous_3)
FN:51,(anonymous_4)
FN:61,(anonymous_5)
FN:63,(anonymous_6)
FN:65,(anonymous_7)
FN:69,(anonymous_8)
FN:73,(anonymous_9)
FN:74,(anonymous_10)
FN:77,(anonymous_11)
FN:93,(anonymous_12)
FN:102,(anonymous_13)
FN:113,(anonymous_14)
FN:117,(anonymous_15)
FN:123,(anonymous_16)
FN:136,(anonymous_17)
FN:142,(anonymous_18)
FN:147,(anonymous_19)
FN:156,(anonymous_20)
FN:161,(anonymous_21)
FN:168,(anonymous_22)
FN:181,(anonymous_23)
FN:189,(anonymous_24)
FN:193,(anonymous_25)
FN:202,(anonymous_26)
FNF:27
FNH:0
FNDA:0,(anonymous_0)
FNDA:0,DocumentTypesPage
FNDA:0,(anonymous_2)
FNDA:0,(anonymous_3)
FNDA:0,(anonymous_4)
FNDA:0,(anonymous_5)
FNDA:0,(anonymous_6)
FNDA:0,(anonymous_7)
FNDA:0,(anonymous_8)
FNDA:0,(anonymous_9)
FNDA:0,(anonymous_10)
FNDA:0,(anonymous_11)
FNDA:0,(anonymous_12)
FNDA:0,(anonymous_13)
FNDA:0,(anonymous_14)
FNDA:0,(anonymous_15)
FNDA:0,(anonymous_16)
FNDA:0,(anonymous_17)
FNDA:0,(anonymous_18)
FNDA:0,(anonymous_19)
FNDA:0,(anonymous_20)
FNDA:0,(anonymous_21)
FNDA:0,(anonymous_22)
FNDA:0,(anonymous_23)
FNDA:0,(anonymous_24)
FNDA:0,(anonymous_25)
FNDA:0,(anonymous_26)
DA:19,1
DA:26,0
DA:27,0
DA:28,0
DA:29,0
DA:30,0
DA:32,0
DA:33,0
DA:34,0
DA:35,0
DA:37,0
DA:38,0
DA:39,0
DA:45,0
DA:46,0
DA:47,0
DA:48,0
DA:51,0
DA:52,0
DA:53,0
DA:58,0
DA:61,0
DA:62,0
DA:63,0
DA:65,0
DA:69,0
DA:70,0
DA:73,0
DA:74,0
DA:77,0
DA:78,0
DA:79,0
DA:80,0
DA:83,0
DA:93,0
DA:103,0
DA:113,0
DA:117,0
DA:124,0
DA:136,0
DA:142,0
DA:147,0
DA:157,0
DA:161,0
DA:168,0
DA:181,0
DA:189,0
DA:193,0
DA:202,0
LF:49
LH:1
BRDA:33,0,0,0
BRDA:33,0,1,0
BRDA:35,1,0,0
BRDA:35,1,1,0
BRDA:56,2,0,0
BRDA:56,2,1,0
BRDA:62,3,0,0
BRDA:62,3,1,0
BRDA:95,4,0,0
BRDA:95,4,1,0
BRDA:97,5,0,0
BRDA:97,5,1,0
BRDA:117,6,0,0
BRDA:117,6,1,0
BRDA:125,7,0,0
BRDA:125,7,1,0
BRDA:136,8,0,0
BRDA:136,8,1,0
BRDA:146,9,0,0
BRDA:146,9,1,0
BRDA:188,10,0,0
BRDA:188,10,1,0
BRDA:203,11,0,0
BRDA:203,11,1,0
BRDA:204,12,0,0
BRDA:204,12,1,0
BRF:26
BRH:0
end_of_record
TN:
SF:src\pages\DocumentsPage.tsx
FN:23,getDocId
FN:27,DocumentsHeader
FN:45,DocumentsPage
FN:54,(anonymous_3)
FN:63,(anonymous_4)
FN:77,(anonymous_5)
FN:81,(anonymous_6)
FN:95,(anonymous_7)
FN:100,(anonymous_8)
FN:101,(anonymous_9)
FN:102,(anonymous_10)
FN:103,(anonymous_11)
FN:104,(anonymous_12)
FN:105,(anonymous_13)
FN:106,(anonymous_14)
FN:107,(anonymous_15)
FN:108,(anonymous_16)
FN:109,(anonymous_17)
FN:126,(anonymous_18)
FN:127,(anonymous_19)
FN:139,(anonymous_20)
FN:146,(anonymous_21)
FN:160,(anonymous_22)
FN:163,(anonymous_23)
FN:165,(anonymous_24)
FN:183,(anonymous_25)
FN:186,(anonymous_26)
FN:187,(anonymous_27)
FN:203,(anonymous_28)
FN:204,(anonymous_29)
FN:205,(anonymous_30)
FN:222,(anonymous_31)
FN:229,(anonymous_32)
FN:240,(anonymous_33)
FN:254,(anonymous_34)
FNF:35
FNH:0
FNDA:0,getDocId
FNDA:0,DocumentsHeader
FNDA:0,DocumentsPage
FNDA:0,(anonymous_3)
FNDA:0,(anonymous_4)
FNDA:0,(anonymous_5)
FNDA:0,(anonymous_6)
FNDA:0,(anonymous_7)
FNDA:0,(anonymous_8)
FNDA:0,(anonymous_9)
FNDA:0,(anonymous_10)
FNDA:0,(anonymous_11)
FNDA:0,(anonymous_12)
FNDA:0,(anonymous_13)
FNDA:0,(anonymous_14)
FNDA:0,(anonymous_15)
FNDA:0,(anonymous_16)
FNDA:0,(anonymous_17)
FNDA:0,(anonymous_18)
FNDA:0,(anonymous_19)
FNDA:0,(anonymous_20)
FNDA:0,(anonymous_21)
FNDA:0,(anonymous_22)
FNDA:0,(anonymous_23)
FNDA:0,(anonymous_24)
FNDA:0,(anonymous_25)
FNDA:0,(anonymous_26)
FNDA:0,(anonymous_27)
FNDA:0,(anonymous_28)
FNDA:0,(anonymous_29)
FNDA:0,(anonymous_30)
FNDA:0,(anonymous_31)
FNDA:0,(anonymous_32)
FNDA:0,(anonymous_33)
FNDA:0,(anonymous_34)
DA:24,0
DA:28,0
DA:29,0
DA:46,0
DA:47,0
DA:48,0
DA:49,0
DA:50,0
DA:51,0
DA:53,0
DA:54,0
DA:57,0
DA:58,0
DA:59,0
DA:60,0
DA:61,0
DA:63,0
DA:64,0
DA:65,0
DA:68,0
DA:72,0
DA:73,0
DA:74,0
DA:75,0
DA:76,0
DA:77,0
DA:78,0
DA:79,0
DA:81,0
DA:82,0
DA:83,0
DA:84,0
DA:85,0
DA:86,0
DA:87,0
DA:88,0
DA:89,0
DA:91,0
DA:95,0
DA:96,0
DA:97,0
DA:100,0
DA:101,0
DA:102,0
DA:103,0
DA:104,0
DA:105,0
DA:106,0
DA:107,0
DA:108,0
DA:110,0
DA:114,0
DA:126,0
DA:127,0
DA:139,0
DA:146,0
DA:160,0
DA:163,0
DA:165,0
DA:184,0
DA:186,0
DA:187,0
DA:203,0
DA:204,0
DA:205,0
DA:222,0
DA:229,0
DA:240,0
DA:254,0
LF:69
LH:0
BRDA:24,0,0,0
BRDA:24,0,1,0
BRDA:48,1,0,0
BRDA:48,1,1,0
BRDA:63,2,0,0
BRDA:73,3,0,0
BRDA:73,3,1,0
BRDA:74,4,0,0
BRDA:74,4,1,0
BRDA:75,5,0,0
BRDA:75,5,1,0
BRDA:76,6,0,0
BRDA:76,6,1,0
BRDA:78,7,0,0
BRDA:78,7,1,0
BRDA:79,8,0,0
BRDA:79,8,1,0
BRDA:87,9,0,0
BRDA:87,9,1,0
BRDA:110,10,0,0
BRDA:110,10,1,0
BRDA:121,11,0,0
BRDA:121,11,1,0
BRDA:122,12,0,0
BRDA:122,12,1,0
BRDA:145,13,0,0
BRDA:145,13,1,0
BRDA:153,14,0,0
BRDA:153,14,1,0
BRDA:164,15,0,0
BRDA:164,15,1,0
BRDA:176,16,0,0
BRDA:176,16,1,0
BRDA:178,17,0,0
BRDA:178,17,1,0
BRDA:179,18,0,0
BRDA:179,18,1,0
BRDA:194,19,0,0
BRDA:194,19,1,0
BRDA:196,20,0,0
BRDA:196,20,1,0
BRDA:220,21,0,0
BRDA:220,21,1,0
BRDA:221,22,0,0
BRDA:221,22,1,0
BRDA:223,23,0,0
BRDA:223,23,1,0
BRDA:233,24,0,0
BRDA:233,24,1,0
BRDA:237,25,0,0
BRDA:237,25,1,0
BRDA:251,26,0,0
BRDA:251,26,1,0
BRDA:257,27,0,0
BRDA:257,27,1,0
BRF:55
BRH:0
end_of_record
TN:
SF:src\pages\FolderDetailPage.tsx
FN:36,FolderDetailPage
FN:59,(anonymous_1)
FN:83,(anonymous_2)
FN:103,(anonymous_3)
FN:112,(anonymous_4)
FN:115,(anonymous_5)
FN:121,(anonymous_6)
FN:131,(anonymous_7)
FN:133,(anonymous_8)
FN:137,(anonymous_9)
FN:156,(anonymous_10)
FN:160,(anonymous_11)
FN:163,(anonymous_12)
FN:167,(anonymous_13)
FN:181,(anonymous_14)
FN:186,(anonymous_15)
FN:194,(anonymous_16)
FN:196,(anonymous_17)
FN:210,(anonymous_18)
FN:215,(anonymous_19)
FN:216,(anonymous_20)
FN:217,(anonymous_21)
FN:218,(anonymous_22)
FN:219,(anonymous_23)
FN:220,(anonymous_24)
FN:221,(anonymous_25)
FN:222,(anonymous_26)
FN:223,(anonymous_27)
FN:224,(anonymous_28)
FN:230,(anonymous_29)
FN:231,(anonymous_30)
FN:239,(anonymous_31)
FN:243,(anonymous_32)
FN:247,(anonymous_33)
FN:249,(anonymous_34)
FN:254,(anonymous_35)
FN:259,(anonymous_36)
FN:260,(anonymous_37)
FN:268,(anonymous_38)
FN:275,(anonymous_39)
FN:281,(anonymous_40)
FN:293,(anonymous_41)
FN:304,(anonymous_42)
FN:317,(anonymous_43)
FN:318,(anonymous_44)
FN:319,(anonymous_45)
FN:320,(anonymous_46)
FN:321,(anonymous_47)
FN:354,(anonymous_48)
FN:364,(anonymous_49)
FN:403,(anonymous_50)
FN:406,(anonymous_51)
FN:423,(anonymous_52)
FN:429,(anonymous_53)
FN:435,(anonymous_54)
FN:448,(anonymous_55)
FN:449,(anonymous_56)
FN:463,(anonymous_57)
FN:464,(anonymous_58)
FN:465,(anonymous_59)
FN:478,(anonymous_60)
FN:480,(anonymous_61)
FN:485,(anonymous_62)
FN:486,(anonymous_63)
FN:507,(anonymous_64)
FN:514,(anonymous_65)
FN:523,(anonymous_66)
FN:524,(anonymous_67)
FN:531,(anonymous_68)
FN:536,(anonymous_69)
FN:543,(anonymous_70)
FN:553,(anonymous_71)
FN:563,(anonymous_72)
FN:574,(anonymous_73)
FN:581,(anonymous_74)
FN:588,(anonymous_75)
FN:589,(anonymous_76)
FN:593,(anonymous_77)
FN:595,(anonymous_78)
FN:601,(anonymous_79)
FN:602,(anonymous_80)
FN:606,(anonymous_81)
FN:609,(anonymous_82)
FN:620,(anonymous_83)
FN:627,(anonymous_84)
FN:638,(anonymous_85)
FN:649,(anonymous_86)
FN:662,(anonymous_87)
FN:674,(anonymous_88)
FN:681,(anonymous_89)
FNF:90
FNH:0
FNDA:0,FolderDetailPage
FNDA:0,(anonymous_1)
FNDA:0,(anonymous_2)
FNDA:0,(anonymous_3)
FNDA:0,(anonymous_4)
FNDA:0,(anonymous_5)
FNDA:0,(anonymous_6)
FNDA:0,(anonymous_7)
FNDA:0,(anonymous_8)
FNDA:0,(anonymous_9)
FNDA:0,(anonymous_10)
FNDA:0,(anonymous_11)
FNDA:0,(anonymous_12)
FNDA:0,(anonymous_13)
FNDA:0,(anonymous_14)
FNDA:0,(anonymous_15)
FNDA:0,(anonymous_16)
FNDA:0,(anonymous_17)
FNDA:0,(anonymous_18)
FNDA:0,(anonymous_19)
FNDA:0,(anonymous_20)
FNDA:0,(anonymous_21)
FNDA:0,(anonymous_22)
FNDA:0,(anonymous_23)
FNDA:0,(anonymous_24)
FNDA:0,(anonymous_25)
FNDA:0,(anonymous_26)
FNDA:0,(anonymous_27)
FNDA:0,(anonymous_28)
FNDA:0,(anonymous_29)
FNDA:0,(anonymous_30)
FNDA:0,(anonymous_31)
FNDA:0,(anonymous_32)
FNDA:0,(anonymous_33)
FNDA:0,(anonymous_34)
FNDA:0,(anonymous_35)
FNDA:0,(anonymous_36)
FNDA:0,(anonymous_37)
FNDA:0,(anonymous_38)
FNDA:0,(anonymous_39)
FNDA:0,(anonymous_40)
FNDA:0,(anonymous_41)
FNDA:0,(anonymous_42)
FNDA:0,(anonymous_43)
FNDA:0,(anonymous_44)
FNDA:0,(anonymous_45)
FNDA:0,(anonymous_46)
FNDA:0,(anonymous_47)
FNDA:0,(anonymous_48)
FNDA:0,(anonymous_49)
FNDA:0,(anonymous_50)
FNDA:0,(anonymous_51)
FNDA:0,(anonymous_52)
FNDA:0,(anonymous_53)
FNDA:0,(anonymous_54)
FNDA:0,(anonymous_55)
FNDA:0,(anonymous_56)
FNDA:0,(anonymous_57)
FNDA:0,(anonymous_58)
FNDA:0,(anonymous_59)
FNDA:0,(anonymous_60)
FNDA:0,(anonymous_61)
FNDA:0,(anonymous_62)
FNDA:0,(anonymous_63)
FNDA:0,(anonymous_64)
FNDA:0,(anonymous_65)
FNDA:0,(anonymous_66)
FNDA:0,(anonymous_67)
FNDA:0,(anonymous_68)
FNDA:0,(anonymous_69)
FNDA:0,(anonymous_70)
FNDA:0,(anonymous_71)
FNDA:0,(anonymous_72)
FNDA:0,(anonymous_73)
FNDA:0,(anonymous_74)
FNDA:0,(anonymous_75)
FNDA:0,(anonymous_76)
FNDA:0,(anonymous_77)
FNDA:0,(anonymous_78)
FNDA:0,(anonymous_79)
FNDA:0,(anonymous_80)
FNDA:0,(anonymous_81)
FNDA:0,(anonymous_82)
FNDA:0,(anonymous_83)
FNDA:0,(anonymous_84)
FNDA:0,(anonymous_85)
FNDA:0,(anonymous_86)
FNDA:0,(anonymous_87)
FNDA:0,(anonymous_88)
FNDA:0,(anonymous_89)
DA:37,0
DA:38,0
DA:39,0
DA:41,0
DA:42,0
DA:43,0
DA:46,0
DA:47,0
DA:48,0
DA:49,0
DA:52,0
DA:53,0
DA:54,0
DA:55,0
DA:57,0
DA:58,0
DA:59,0
DA:61,0
DA:62,0
DA:65,0
DA:66,0
DA:67,0
DA:68,0
DA:71,0
DA:72,0
DA:75,0
DA:76,0
DA:77,0
DA:78,0
DA:79,0
DA:80,0
DA:81,0
DA:83,0
DA:84,0
DA:85,0
DA:87,0
DA:88,0
DA:89,0
DA:90,0
DA:93,0
DA:94,0
DA:101,0
DA:103,0
DA:104,0
DA:105,0
DA:106,0
DA:107,0
DA:112,0
DA:113,0
DA:114,0
DA:115,0
DA:116,0
DA:119,0
DA:120,0
DA:121,0
DA:122,0
DA:124,0
DA:126,0
DA:128,0
DA:131,0
DA:132,0
DA:133,0
DA:137,0
DA:138,0
DA:139,0
DA:140,0
DA:141,0
DA:142,0
DA:146,0
DA:149,0
DA:150,0
DA:152,0
DA:153,0
DA:155,0
DA:156,0
DA:160,0
DA:161,0
DA:163,0
DA:167,0
DA:168,0
DA:169,0
DA:170,0
DA:171,0
DA:172,0
DA:173,0
DA:175,0
DA:177,0
DA:181,0
DA:182,0
DA:183,0
DA:186,0
DA:187,0
DA:188,0
DA:189,0
DA:194,0
DA:196,0
DA:197,0
DA:198,0
DA:199,0
DA:200,0
DA:201,0
DA:202,0
DA:203,0
DA:204,0
DA:206,0
DA:210,0
DA:211,0
DA:212,0
DA:215,0
DA:216,0
DA:217,0
DA:218,0
DA:219,0
DA:220,0
DA:221,0
DA:222,0
DA:223,0
DA:225,0
DA:230,0
DA:231,0
DA:232,0
DA:233,0
DA:234,0
DA:235,0
DA:239,0
DA:240,0
DA:241,0
DA:243,0
DA:247,0
DA:249,0
DA:250,0
DA:251,0
DA:254,0
DA:255,0
DA:256,0
DA:257,0
DA:258,0
DA:259,0
DA:260,0
DA:261,0
DA:262,0
DA:263,0
DA:264,0
DA:265,0
DA:268,0
DA:269,0
DA:270,0
DA:271,0
DA:272,0
DA:273,0
DA:274,0
DA:276,0
DA:281,0
DA:282,0
DA:283,0
DA:284,0
DA:285,0
DA:286,0
DA:287,0
DA:288,0
DA:289,0
DA:293,0
DA:295,0
DA:296,0
DA:298,0
DA:299,0
DA:301,0
DA:304,0
DA:317,0
DA:318,0
DA:319,0
DA:320,0
DA:321,0
DA:354,0
DA:365,0
DA:403,0
DA:406,0
DA:424,0
DA:425,0
DA:426,0
DA:429,0
DA:437,0
DA:438,0
DA:439,0
DA:441,0
DA:448,0
DA:449,0
DA:463,0
DA:464,0
DA:465,0
DA:478,0
DA:480,0
DA:485,0
DA:486,0
DA:507,0
DA:514,0
DA:523,0
DA:524,0
DA:531,0
DA:536,0
DA:543,0
DA:554,0
DA:556,0
DA:557,0
DA:564,0
DA:565,0
DA:566,0
DA:574,0
DA:581,0
DA:588,0
DA:589,0
DA:593,0
DA:595,0
DA:601,0
DA:602,0
DA:606,0
DA:609,0
DA:620,0
DA:627,0
DA:638,0
DA:649,0
DA:662,0
DA:674,0
DA:681,0
LF:224
LH:0
BRDA:47,0,0,0
BRDA:47,0,1,0
BRDA:47,0,2,0
BRDA:52,1,0,0
BRDA:52,1,1,0
BRDA:61,2,0,0
BRDA:61,2,1,0
BRDA:62,3,0,0
BRDA:62,3,1,0
BRDA:83,4,0,0
BRDA:104,5,0,0
BRDA:104,5,1,0
BRDA:106,6,0,0
BRDA:106,6,1,0
BRDA:107,7,0,0
BRDA:107,7,1,0
BRDA:113,8,0,0
BRDA:113,8,1,0
BRDA:113,9,0,0
BRDA:113,9,1,0
BRDA:115,10,0,0
BRDA:115,10,1,0
BRDA:116,11,0,0
BRDA:116,11,1,0
BRDA:119,12,0,0
BRDA:119,12,1,0
BRDA:122,13,0,0
BRDA:122,13,1,0
BRDA:132,14,0,0
BRDA:132,14,1,0
BRDA:138,15,0,0
BRDA:138,15,1,0
BRDA:140,16,0,0
BRDA:140,16,1,0
BRDA:149,17,0,0
BRDA:149,17,1,0
BRDA:152,18,0,0
BRDA:152,18,1,0
BRDA:152,19,0,0
BRDA:152,19,1,0
BRDA:175,20,0,0
BRDA:175,20,1,0
BRDA:182,21,0,0
BRDA:182,21,1,0
BRDA:187,22,0,0
BRDA:187,22,1,0
BRDA:188,23,0,0
BRDA:188,23,1,0
BRDA:194,24,0,0
BRDA:194,24,1,0
BRDA:202,25,0,0
BRDA:202,25,1,0
BRDA:225,26,0,0
BRDA:225,26,1,0
BRDA:233,27,0,0
BRDA:233,27,1,0
BRDA:240,28,0,0
BRDA:240,28,1,0
BRDA:240,29,0,0
BRDA:240,29,1,0
BRDA:255,30,0,0
BRDA:255,30,1,0
BRDA:256,31,0,0
BRDA:256,31,1,0
BRDA:262,32,0,0
BRDA:262,32,1,0
BRDA:269,33,0,0
BRDA:269,33,1,0
BRDA:269,34,0,0
BRDA:269,34,1,0
BRDA:276,35,0,0
BRDA:276,35,1,0
BRDA:283,36,0,0
BRDA:283,36,1,0
BRDA:284,37,0,0
BRDA:284,37,1,0
BRDA:295,38,0,0
BRDA:295,38,1,0
BRDA:296,39,0,0
BRDA:296,39,1,0
BRDA:298,40,0,0
BRDA:298,40,1,0
BRDA:311,41,0,0
BRDA:311,41,1,0
BRDA:312,42,0,0
BRDA:312,42,1,0
BRDA:327,43,0,0
BRDA:327,43,1,0
BRDA:335,44,0,0
BRDA:335,44,1,0
BRDA:335,45,0,0
BRDA:335,45,1,0
BRDA:344,46,0,0
BRDA:344,46,1,0
BRDA:350,47,0,0
BRDA:350,47,1,0
BRDA:360,48,0,0
BRDA:360,48,1,0
BRDA:360,48,2,0
BRDA:379,49,0,0
BRDA:379,49,1,0
BRDA:387,50,0,0
BRDA:387,50,1,0
BRDA:395,51,0,0
BRDA:395,51,1,0
BRDA:416,52,0,0
BRDA:416,52,1,0
BRDA:418,53,0,0
BRDA:418,53,1,0
BRDA:431,54,0,0
BRDA:431,54,1,0
BRDA:437,55,0,0
BRDA:437,55,1,0
BRDA:451,56,0,0
BRDA:451,56,1,0
BRDA:451,57,0,0
BRDA:451,57,1,0
BRDA:486,58,0,0
BRDA:486,58,1,0
BRDA:489,59,0,0
BRDA:489,59,1,0
BRDA:489,59,2,0
BRDA:493,60,0,0
BRDA:493,60,1,0
BRDA:517,61,0,0
BRDA:517,61,1,0
BRDA:519,62,0,0
BRDA:519,62,1,0
BRDA:549,63,0,0
BRDA:549,63,1,0
BRDA:549,64,0,0
BRDA:549,64,1,0
BRDA:560,65,0,0
BRDA:560,65,1,0
BRDA:565,66,0,0
BRDA:565,66,1,0
BRDA:565,67,0,0
BRDA:565,67,1,0
BRDA:584,68,0,0
BRDA:584,68,1,0
BRDA:597,69,0,0
BRDA:597,69,1,0
BRDA:618,70,0,0
BRDA:618,70,1,0
BRDA:619,71,0,0
BRDA:619,71,1,0
BRDA:621,72,0,0
BRDA:621,72,1,0
BRDA:631,73,0,0
BRDA:631,73,1,0
BRDA:635,74,0,0
BRDA:635,74,1,0
BRDA:641,75,0,0
BRDA:641,75,1,0
BRDA:646,76,0,0
BRDA:646,76,1,0
BRDA:662,77,0,0
BRDA:662,77,1,0
BRDA:663,78,0,0
BRDA:663,78,1,0
BRDA:668,79,0,0
BRDA:668,79,1,0
BRDA:668,80,0,0
BRDA:668,80,1,0
BRDA:685,81,0,0
BRDA:685,81,1,0
BRF:166
BRH:0
end_of_record
TN:
SF:src\pages\FolderTypesPage.tsx
FN:20,(anonymous_0)
FN:26,FolderTypesPage
FN:41,(anonymous_2)
FN:41,(anonymous_3)
FN:45,(anonymous_4)
FN:46,(anonymous_5)
FN:49,(anonymous_6)
FN:64,(anonymous_7)
FN:71,(anonymous_8)
FN:83,(anonymous_9)
FN:86,(anonymous_10)
FN:90,(anonymous_11)
FN:92,(anonymous_12)
FN:96,(anonymous_13)
FN:100,(anonymous_14)
FN:101,(anonymous_15)
FN:104,(anonymous_16)
FN:120,(anonymous_17)
FN:129,(anonymous_18)
FN:140,(anonymous_19)
FN:144,(anonymous_20)
FN:150,(anonymous_21)
FN:153,(anonymous_22)
FN:159,(anonymous_23)
FN:174,(anonymous_24)
FN:177,(anonymous_25)
FN:192,(anonymous_26)
FN:198,(anonymous_27)
FN:203,(anonymous_28)
FN:208,(anonymous_29)
FN:218,(anonymous_30)
FN:223,(anonymous_31)
FN:230,(anonymous_32)
FN:243,(anonymous_33)
FN:247,(anonymous_34)
FN:256,(anonymous_35)
FNF:36
FNH:0
FNDA:0,(anonymous_0)
FNDA:0,FolderTypesPage
FNDA:0,(anonymous_2)
FNDA:0,(anonymous_3)
FNDA:0,(anonymous_4)
FNDA:0,(anonymous_5)
FNDA:0,(anonymous_6)
FNDA:0,(anonymous_7)
FNDA:0,(anonymous_8)
FNDA:0,(anonymous_9)
FNDA:0,(anonymous_10)
FNDA:0,(anonymous_11)
FNDA:0,(anonymous_12)
FNDA:0,(anonymous_13)
FNDA:0,(anonymous_14)
FNDA:0,(anonymous_15)
FNDA:0,(anonymous_16)
FNDA:0,(anonymous_17)
FNDA:0,(anonymous_18)
FNDA:0,(anonymous_19)
FNDA:0,(anonymous_20)
FNDA:0,(anonymous_21)
FNDA:0,(anonymous_22)
FNDA:0,(anonymous_23)
FNDA:0,(anonymous_24)
FNDA:0,(anonymous_25)
FNDA:0,(anonymous_26)
FNDA:0,(anonymous_27)
FNDA:0,(anonymous_28)
FNDA:0,(anonymous_29)
FNDA:0,(anonymous_30)
FNDA:0,(anonymous_31)
FNDA:0,(anonymous_32)
FNDA:0,(anonymous_33)
FNDA:0,(anonymous_34)
FNDA:0,(anonymous_35)
DA:20,1
DA:27,0
DA:28,0
DA:29,0
DA:30,0
DA:31,0
DA:33,0
DA:34,0
DA:35,0
DA:37,0
DA:38,0
DA:39,0
DA:40,0
DA:41,0
DA:44,0
DA:45,0
DA:47,0
DA:48,0
DA:49,0
DA:50,0
DA:54,0
DA:55,0
DA:56,0
DA:62,0
DA:64,0
DA:65,0
DA:66,0
DA:67,0
DA:68,0
DA:71,0
DA:72,0
DA:73,0
DA:79,0
DA:80,0
DA:83,0
DA:84,0
DA:86,0
DA:89,0
DA:90,0
DA:92,0
DA:96,0
DA:97,0
DA:100,0
DA:101,0
DA:104,0
DA:105,0
DA:106,0
DA:107,0
DA:110,0
DA:120,0
DA:130,0
DA:140,0
DA:144,0
DA:150,0
DA:154,0
DA:160,0
DA:161,0
DA:166,0
DA:174,0
DA:177,0
DA:192,0
DA:198,0
DA:203,0
DA:208,0
DA:219,0
DA:223,0
DA:230,0
DA:243,0
DA:247,0
DA:256,0
LF:70
LH:1
BRDA:34,0,0,0
BRDA:34,0,1,0
BRDA:35,1,0,0
BRDA:35,1,1,0
BRDA:38,2,0,0
BRDA:38,2,1,0
BRDA:49,3,0,0
BRDA:49,3,1,0
BRDA:49,4,0,0
BRDA:49,4,1,0
BRDA:76,5,0,0
BRDA:76,5,1,0
BRDA:77,6,0,0
BRDA:77,6,1,0
BRDA:79,7,0,0
BRDA:79,7,1,0
BRDA:89,8,0,0
BRDA:89,8,1,0
BRDA:122,9,0,0
BRDA:122,9,1,0
BRDA:124,10,0,0
BRDA:124,10,1,0
BRDA:144,11,0,0
BRDA:144,11,1,0
BRDA:155,12,0,0
BRDA:155,12,1,0
BRDA:161,13,0,0
BRDA:161,13,1,0
BRDA:170,14,0,0
BRDA:170,14,1,0
BRDA:170,15,0,0
BRDA:170,15,1,0
BRDA:175,16,0,0
BRDA:175,16,1,0
BRDA:177,17,0,0
BRDA:177,17,1,0
BRDA:192,18,0,0
BRDA:192,18,1,0
BRDA:202,19,0,0
BRDA:202,19,1,0
BRDA:257,20,0,0
BRDA:257,20,1,0
BRDA:258,21,0,0
BRDA:258,21,1,0
BRF:44
BRH:0
end_of_record
TN:
SF:src\pages\FoldersPage.tsx
FN:26,FoldersPage
FN:40,(anonymous_1)
FN:45,(anonymous_2)
FN:46,(anonymous_3)
FN:47,(anonymous_4)
FN:48,(anonymous_5)
FN:49,(anonymous_6)
FN:50,(anonymous_7)
FN:57,(anonymous_8)
FN:67,(anonymous_9)
FN:68,(anonymous_10)
FN:70,(anonymous_11)
FN:93,(anonymous_12)
FN:110,(anonymous_13)
FN:113,(anonymous_14)
FN:124,(anonymous_15)
FN:129,(anonymous_16)
FN:130,(anonymous_17)
FN:151,(anonymous_18)
FN:155,(anonymous_19)
FN:165,(anonymous_20)
FN:172,(anonymous_21)
FN:179,(anonymous_22)
FN:184,(anonymous_23)
FN:191,(anonymous_24)
FN:205,(anonymous_25)
FN:216,(anonymous_26)
FN:223,(anonymous_27)
FN:233,(anonymous_28)
FNF:29
FNH:0
FNDA:0,FoldersPage
FNDA:0,(anonymous_1)
FNDA:0,(anonymous_2)
FNDA:0,(anonymous_3)
FNDA:0,(anonymous_4)
FNDA:0,(anonymous_5)
FNDA:0,(anonymous_6)
FNDA:0,(anonymous_7)
FNDA:0,(anonymous_8)
FNDA:0,(anonymous_9)
FNDA:0,(anonymous_10)
FNDA:0,(anonymous_11)
FNDA:0,(anonymous_12)
FNDA:0,(anonymous_13)
FNDA:0,(anonymous_14)
FNDA:0,(anonymous_15)
FNDA:0,(anonymous_16)
FNDA:0,(anonymous_17)
FNDA:0,(anonymous_18)
FNDA:0,(anonymous_19)
FNDA:0,(anonymous_20)
FNDA:0,(anonymous_21)
FNDA:0,(anonymous_22)
FNDA:0,(anonymous_23)
FNDA:0,(anonymous_24)
FNDA:0,(anonymous_25)
FNDA:0,(anonymous_26)
FNDA:0,(anonymous_27)
FNDA:0,(anonymous_28)
DA:27,0
DA:28,0
DA:29,0
DA:30,0
DA:31,0
DA:32,0
DA:33,0
DA:36,0
DA:37,0
DA:38,0
DA:40,0
DA:41,0
DA:42,0
DA:45,0
DA:46,0
DA:47,0
DA:48,0
DA:49,0
DA:51,0
DA:55,0
DA:56,0
DA:57,0
DA:58,0
DA:59,0
DA:60,0
DA:62,0
DA:63,0
DA:64,0
DA:65,0
DA:67,0
DA:68,0
DA:70,0
DA:71,0
DA:72,0
DA:74,0
DA:75,0
DA:76,0
DA:77,0
DA:78,0
DA:82,0
DA:90,0
DA:94,0
DA:95,0
DA:96,0
DA:97,0
DA:103,0
DA:110,0
DA:113,0
DA:125,0
DA:129,0
DA:130,0
DA:151,0
DA:155,0
DA:165,0
DA:172,0
DA:180,0
DA:181,0
DA:182,0
DA:184,0
DA:191,0
DA:205,0
DA:216,0
DA:223,0
DA:233,0
LF:64
LH:0
BRDA:51,0,0,0
BRDA:51,0,1,0
BRDA:56,1,0,0
BRDA:56,1,1,0
BRDA:58,2,0,0
BRDA:58,2,1,0
BRDA:59,3,0,0
BRDA:59,3,1,0
BRDA:60,4,0,0
BRDA:60,4,1,0
BRDA:68,5,0,0
BRDA:68,5,1,0
BRDA:71,6,0,0
BRDA:71,6,1,0
BRDA:72,7,0,0
BRDA:72,7,1,0
BRDA:74,8,0,0
BRDA:74,8,1,0
BRDA:76,9,0,0
BRDA:76,9,1,0
BRDA:83,10,0,0
BRDA:83,10,1,0
BRDA:84,11,0,0
BRDA:84,11,1,0
BRDA:84,12,0,0
BRDA:84,12,1,0
BRDA:85,13,0,0
BRDA:85,13,1,0
BRDA:86,14,0,0
BRDA:86,14,1,0
BRDA:87,15,0,0
BRDA:87,15,1,0
BRDA:117,16,0,0
BRDA:117,16,1,0
BRDA:119,17,0,0
BRDA:119,17,1,0
BRDA:136,18,0,0
BRDA:136,18,1,0
BRDA:140,19,0,0
BRDA:140,19,1,0
BRDA:141,20,0,0
BRDA:141,20,1,0
BRDA:158,21,0,0
BRDA:158,21,1,0
BRDA:162,22,0,0
BRDA:162,22,1,0
BRDA:164,23,0,0
BRDA:164,23,1,0
BRDA:166,24,0,0
BRDA:166,24,1,0
BRDA:168,25,0,0
BRDA:168,25,1,0
BRDA:171,26,0,0
BRDA:171,26,1,0
BRDA:178,27,0,0
BRDA:178,27,1,0
BRDA:187,28,0,0
BRDA:187,28,1,0
BRDA:187,28,2,0
BRDA:190,29,0,0
BRDA:190,29,1,0
BRDA:196,30,0,0
BRDA:196,30,1,0
BRDA:196,30,2,0
BRDA:214,31,0,0
BRDA:214,31,1,0
BRDA:215,32,0,0
BRDA:215,32,1,0
BRDA:217,33,0,0
BRDA:217,33,1,0
BRDA:226,34,0,0
BRDA:226,34,1,0
BRDA:230,35,0,0
BRDA:230,35,1,0
BRF:74
BRH:0
end_of_record
TN:
SF:src\pages\NlpPage.tsx
FN:10,NlpPage
FN:15,(anonymous_1)
FN:41,(anonymous_2)
FNF:3
FNH:0
FNDA:0,NlpPage
FNDA:0,(anonymous_1)
FNDA:0,(anonymous_2)
DA:11,0
DA:12,0
DA:13,0
DA:15,0
DA:16,0
DA:17,0
DA:18,0
DA:19,0
DA:20,0
DA:21,0
DA:23,0
DA:25,0
DA:29,0
DA:41,0
LF:14
LH:0
BRDA:16,0,0,0
BRDA:16,0,1,0
BRDA:21,1,0,0
BRDA:21,1,1,0
BRDA:23,2,0,0
BRDA:23,2,1,0
BRDA:51,3,0,0
BRDA:51,3,1,0
BRDA:53,4,0,0
BRDA:53,4,1,0
BRF:10
BRH:0
end_of_record
TN:
SF:src\pages\SearchPage.tsx
FN:40,SearchPage
FN:55,(anonymous_1)
FN:60,(anonymous_2)
FN:74,(anonymous_3)
FN:161,(anonymous_4)
FN:173,(anonymous_5)
FN:181,(anonymous_6)
FN:189,(anonymous_7)
FN:204,(anonymous_8)
FN:209,(anonymous_9)
FN:220,(anonymous_10)
FN:221,(anonymous_11)
FN:222,(anonymous_12)
FN:226,(anonymous_13)
FN:227,(anonymous_14)
FN:242,(anonymous_15)
FNF:16
FNH:0
FNDA:0,SearchPage
FNDA:0,(anonymous_1)
FNDA:0,(anonymous_2)
FNDA:0,(anonymous_3)
FNDA:0,(anonymous_4)
FNDA:0,(anonymous_5)
FNDA:0,(anonymous_6)
FNDA:0,(anonymous_7)
FNDA:0,(anonymous_8)
FNDA:0,(anonymous_9)
FNDA:0,(anonymous_10)
FNDA:0,(anonymous_11)
FNDA:0,(anonymous_12)
FNDA:0,(anonymous_13)
FNDA:0,(anonymous_14)
FNDA:0,(anonymous_15)
DA:26,1
DA:41,0
DA:42,0
DA:43,0
DA:44,0
DA:45,0
DA:46,0
DA:47,0
DA:48,0
DA:49,0
DA:50,0
DA:53,0
DA:54,0
DA:55,0
DA:56,0
DA:57,0
DA:60,0
DA:61,0
DA:62,0
DA:63,0
DA:64,0
DA:65,0
DA:66,0
DA:67,0
DA:68,0
DA:70,0
DA:74,0
DA:75,0
DA:76,0
DA:77,0
DA:78,0
DA:79,0
DA:80,0
DA:82,0
DA:83,0
DA:84,0
DA:87,0
DA:88,0
DA:89,0
DA:92,0
DA:93,0
DA:94,0
DA:97,0
DA:98,0
DA:99,0
DA:102,0
DA:103,0
DA:104,0
DA:107,0
DA:108,0
DA:109,0
DA:112,0
DA:113,0
DA:114,0
DA:117,0
DA:118,0
DA:119,0
DA:122,0
DA:123,0
DA:124,0
DA:127,0
DA:128,0
DA:129,0
DA:132,0
DA:133,0
DA:134,0
DA:138,0
DA:140,0
DA:144,0
DA:145,0
DA:146,0
DA:147,0
DA:149,0
DA:161,0
DA:173,0
DA:181,0
DA:189,0
DA:205,0
DA:209,0
DA:220,0
DA:221,0
DA:222,0
DA:227,0
DA:242,0
LF:84
LH:1
BRDA:55,0,0,0
BRDA:62,1,0,0
BRDA:62,1,1,0
BRDA:66,2,0,0
BRDA:66,2,1,0
BRDA:80,3,0,0
BRDA:80,3,1,0
BRDA:80,3,2,0
BRDA:80,3,3,0
BRDA:80,3,4,0
BRDA:80,3,5,0
BRDA:80,3,6,0
BRDA:80,3,7,0
BRDA:80,3,8,0
BRDA:80,3,9,0
BRDA:80,3,10,0
BRDA:138,4,0,0
BRDA:138,4,1,0
BRDA:164,5,0,0
BRDA:164,5,1,0
BRDA:169,6,0,0
BRDA:169,6,1,0
BRDA:171,7,0,0
BRDA:171,7,1,0
BRDA:171,8,0,0
BRDA:171,8,1,0
BRDA:171,8,2,0
BRDA:177,9,0,0
BRDA:177,9,1,0
BRDA:185,10,0,0
BRDA:185,10,1,0
BRDA:198,11,0,0
BRDA:198,11,1,0
BRDA:200,12,0,0
BRDA:200,12,1,0
BRDA:200,13,0,0
BRDA:200,13,1,0
BRDA:200,13,2,0
BRDA:233,14,0,0
BRDA:233,14,1,0
BRF:40
BRH:0
end_of_record
TN:
SF:src\pages\SettingsPage.tsx
FN:7,SettingsPage
FN:19,(anonymous_1)
FN:20,(anonymous_2)
FN:21,(anonymous_3)
FN:27,(anonymous_4)
FNF:5
FNH:0
FNDA:0,SettingsPage
FNDA:0,(anonymous_1)
FNDA:0,(anonymous_2)
FNDA:0,(anonymous_3)
FNDA:0,(anonymous_4)
DA:8,0
DA:10,0
DA:19,0
DA:20,0
DA:21,0
DA:27,0
LF:6
LH:0
BRF:0
BRH:0
end_of_record
TN:
SF:src\pages\TagsPage.tsx
FN:13,TagsPage
FN:23,(anonymous_1)
FN:27,(anonymous_2)
FN:42,(anonymous_3)
FN:51,(anonymous_4)
FN:61,(anonymous_5)
FN:69,(anonymous_6)
FN:75,(anonymous_7)
FN:81,(anonymous_8)
FN:84,(anonymous_9)
FN:92,(anonymous_10)
FNF:11
FNH:0
FNDA:0,TagsPage
FNDA:0,(anonymous_1)
FNDA:0,(anonymous_2)
FNDA:0,(anonymous_3)
FNDA:0,(anonymous_4)
FNDA:0,(anonymous_5)
FNDA:0,(anonymous_6)
FNDA:0,(anonymous_7)
FNDA:0,(anonymous_8)
FNDA:0,(anonymous_9)
FNDA:0,(anonymous_10)
DA:11,1
DA:14,0
DA:15,0
DA:16,0
DA:18,0
DA:19,0
DA:20,0
DA:21,0
DA:23,0
DA:24,0
DA:28,0
DA:29,0
DA:35,0
DA:42,0
DA:52,0
DA:61,0
DA:69,0
DA:75,0
DA:82,0
DA:84,0
DA:92,0
LF:21
LH:1
BRDA:18,0,0,0
BRDA:18,0,1,0
BRDA:45,1,0,0
BRDA:45,1,1,0
BRDA:47,2,0,0
BRDA:47,2,1,0
BRDA:61,3,0,0
BRDA:61,3,1,0
BRDA:85,4,0,0
BRDA:85,4,1,0
BRF:10
BRH:0
end_of_record
TN:
SF:src\pages\TrashPage.tsx
FN:11,TrashPage
FN:33,(anonymous_1)
FN:53,(anonymous_2)
FN:75,(anonymous_3)
FN:84,(anonymous_4)
FNF:5
FNH:0
FNDA:0,TrashPage
FNDA:0,(anonymous_1)
FNDA:0,(anonymous_2)
FNDA:0,(anonymous_3)
FNDA:0,(anonymous_4)
DA:12,0
DA:13,0
DA:14,0
DA:15,0
DA:16,0
DA:18,0
DA:19,0
DA:20,0
DA:22,0
DA:33,0
DA:54,0
DA:75,0
DA:84,0
LF:13
LH:0
BRDA:18,0,0,0
BRDA:18,0,1,0
BRDA:19,1,0,0
BRDA:19,1,1,0
BRDA:20,2,0,0
BRDA:20,2,1,0
BRDA:29,3,0,0
BRDA:29,3,1,0
BRDA:33,4,0,0
BRDA:33,4,1,0
BRDA:42,5,0,0
BRDA:42,5,1,0
BRDA:44,6,0,0
BRDA:44,6,1,0
BRDA:55,7,0,0
BRDA:55,7,1,0
BRDA:61,8,0,0
BRDA:61,8,1,0
BRDA:63,9,0,0
BRDA:63,9,1,0
BRDA:63,10,0,0
BRDA:63,10,1,0
BRDA:68,11,0,0
BRDA:68,11,1,0
BRDA:69,12,0,0
BRDA:69,12,1,0
BRDA:75,13,0,0
BRDA:75,13,1,0
BRDA:84,14,0,0
BRDA:84,14,1,0
BRDA:84,15,0,0
BRDA:84,15,1,0
BRF:32
BRH:0
end_of_record
TN:
SF:src\pages\UploadPage.tsx
FN:15,UploadPage
FN:19,(anonymous_1)
FN:32,(anonymous_2)
FN:36,(anonymous_3)
FN:40,(anonymous_4)
FN:44,(anonymous_5)
FN:50,(anonymous_6)
FN:59,(anonymous_7)
FN:65,(anonymous_8)
FN:72,(anonymous_9)
FN:72,(anonymous_10)
FN:85,(anonymous_11)
FN:97,(anonymous_12)
FN:107,(anonymous_13)
FN:126,(anonymous_14)
FN:138,(anonymous_15)
FN:147,(anonymous_16)
FN:151,(anonymous_17)
FN:158,(anonymous_18)
FN:159,(anonymous_19)
FN:165,(anonymous_20)
FN:166,(anonymous_21)
FN:181,(anonymous_22)
FNF:23
FNH:0
FNDA:0,UploadPage
FNDA:0,(anonymous_1)
FNDA:0,(anonymous_2)
FNDA:0,(anonymous_3)
FNDA:0,(anonymous_4)
FNDA:0,(anonymous_5)
FNDA:0,(anonymous_6)
FNDA:0,(anonymous_7)
FNDA:0,(anonymous_8)
FNDA:0,(anonymous_9)
FNDA:0,(anonymous_10)
FNDA:0,(anonymous_11)
FNDA:0,(anonymous_12)
FNDA:0,(anonymous_13)
FNDA:0,(anonymous_14)
FNDA:0,(anonymous_15)
FNDA:0,(anonymous_16)
FNDA:0,(anonymous_17)
FNDA:0,(anonymous_18)
FNDA:0,(anonymous_19)
FNDA:0,(anonymous_20)
FNDA:0,(anonymous_21)
FNDA:0,(anonymous_22)
DA:16,0
DA:17,0
DA:18,0
DA:19,0
DA:21,0
DA:22,0
DA:24,0
DA:25,0
DA:26,0
DA:27,0
DA:28,0
DA:29,0
DA:30,0
DA:32,0
DA:34,0
DA:35,0
DA:36,0
DA:38,0
DA:40,0
DA:41,0
DA:44,0
DA:47,0
DA:48,0
DA:50,0
DA:56,0
DA:59,0
DA:60,0
DA:61,0
DA:62,0
DA:63,0
DA:65,0
DA:66,0
DA:67,0
DA:68,0
DA:72,0
DA:74,0
DA:85,0
DA:98,0
DA:99,0
DA:100,0
DA:101,0
DA:107,0
DA:126,0
DA:139,0
DA:140,0
DA:148,0
DA:151,0
DA:158,0
DA:159,0
DA:165,0
DA:166,0
DA:181,0
LF:52
LH:0
BRDA:17,0,0,0
BRDA:17,0,1,0
BRDA:35,1,0,0
BRDA:35,1,1,0
BRDA:42,2,0,0
BRDA:42,2,1,0
BRDA:44,3,0,0
BRDA:44,3,1,0
BRDA:47,4,0,0
BRDA:47,4,1,0
BRDA:52,5,0,0
BRDA:52,5,1,0
BRDA:52,5,2,0
BRDA:60,6,0,0
BRDA:60,6,1,0
BRDA:61,7,0,0
BRDA:61,7,1,0
BRDA:63,8,0,0
BRDA:63,8,1,0
BRDA:67,9,0,0
BRDA:67,9,1,0
BRDA:87,10,0,0
BRDA:87,10,1,0
BRDA:99,11,0,0
BRDA:99,11,1,0
BRDA:100,12,0,0
BRDA:100,12,1,0
BRDA:116,13,0,0
BRDA:116,13,1,0
BRDA:117,14,0,0
BRDA:117,14,1,0
BRDA:118,15,0,0
BRDA:118,15,1,0
BRDA:131,16,0,0
BRDA:131,16,1,0
BRDA:139,17,0,0
BRDA:139,17,1,0
BRDA:140,18,0,0
BRDA:140,18,1,0
BRDA:145,19,0,0
BRDA:145,19,1,0
BRDA:169,20,0,0
BRDA:169,20,1,0
BRDA:169,20,2,0
BRF:44
BRH:0
end_of_record
TN:
SF:src\stores\configStore.ts
FN:19,(anonymous_0)
FN:26,(anonymous_1)
FN:27,(anonymous_2)
FN:28,(anonymous_3)
FN:29,(anonymous_4)
FN:30,(anonymous_5)
FN:31,(anonymous_6)
FNF:7
FNH:1
FNDA:1,(anonymous_0)
FNDA:0,(anonymous_1)
FNDA:0,(anonymous_2)
FNDA:0,(anonymous_3)
FNDA:0,(anonymous_4)
FNDA:0,(anonymous_5)
FNDA:0,(anonymous_6)
DA:18,1
DA:20,1
DA:26,0
DA:27,0
DA:28,0
DA:29,0
DA:31,0
LF:7
LH:2
BRDA:21,0,0,1
BRDA:21,0,1,1
BRDA:22,1,0,1
BRDA:22,1,1,1
BRDA:23,2,0,1
BRDA:23,2,1,1
BRDA:24,3,0,1
BRDA:24,3,1,1
BRDA:31,4,0,0
BRDA:31,4,1,0
BRF:10
BRH:8
end_of_record
TN:
SF:src\stores\uiStore.ts
FN:16,(anonymous_0)
FN:19,(anonymous_1)
FN:21,(anonymous_2)
FNF:3
FNH:1
FNDA:1,(anonymous_0)
FNDA:0,(anonymous_1)
FNDA:0,(anonymous_2)
DA:16,1
DA:20,0
DA:21,0
LF:3
LH:1
BRDA:20,0,0,0
BRDA:20,0,1,0
BRF:2
BRH:0
end_of_record
TN:
SF:src\stores\uploadQueueStore.ts
FN:46,(anonymous_0)
FN:47,(anonymous_1)
FN:48,(anonymous_2)
FN:52,(anonymous_3)
FN:54,(anonymous_4)
FN:59,(anonymous_5)
FN:60,(anonymous_6)
FN:68,(anonymous_7)
FN:72,(anonymous_8)
FN:74,(anonymous_9)
FN:76,(anonymous_10)
FN:78,(anonymous_11)
FN:83,(anonymous_12)
FN:84,(anonymous_13)
FN:91,(anonymous_14)
FN:92,(anonymous_15)
FN:100,(anonymous_16)
FN:101,(anonymous_17)
FN:105,(anonymous_18)
FN:111,(anonymous_19)
FN:112,(anonymous_20)
FN:123,(anonymous_21)
FN:124,(anonymous_22)
FN:124,(anonymous_23)
FN:127,(anonymous_24)
FN:128,(anonymous_25)
FN:129,(anonymous_26)
FN:133,(anonymous_27)
FN:135,(anonymous_28)
FN:136,(anonymous_29)
FN:153,runUpload
FN:154,(anonymous_31)
FN:187,(anonymous_32)
FN:202,(anonymous_33)
FN:221,(anonymous_34)
FNF:35
FNH:1
FNDA:0,(anonymous_0)
FNDA:0,(anonymous_1)
FNDA:0,(anonymous_2)
FNDA:0,(anonymous_3)
FNDA:1,(anonymous_4)
FNDA:0,(anonymous_5)
FNDA:0,(anonymous_6)
FNDA:0,(anonymous_7)
FNDA:0,(anonymous_8)
FNDA:0,(anonymous_9)
FNDA:0,(anonymous_10)
FNDA:0,(anonymous_11)
FNDA:0,(anonymous_12)
FNDA:0,(anonymous_13)
FNDA:0,(anonymous_14)
FNDA:0,(anonymous_15)
FNDA:0,(anonymous_16)
FNDA:0,(anonymous_17)
FNDA:0,(anonymous_18)
FNDA:0,(anonymous_19)
FNDA:0,(anonymous_20)
FNDA:0,(anonymous_21)
FNDA:0,(anonymous_22)
FNDA:0,(anonymous_23)
FNDA:0,(anonymous_24)
FNDA:0,(anonymous_25)
FNDA:0,(anonymous_26)
FNDA:0,(anonymous_27)
FNDA:0,(anonymous_28)
FNDA:0,(anonymous_29)
FNDA:0,runUpload
FNDA:0,(anonymous_31)
FNDA:0,(anonymous_32)
FNDA:0,(anonymous_33)
FNDA:0,(anonymous_34)
DA:46,1
DA:47,0
DA:48,0
DA:52,1
DA:54,1
DA:60,0
DA:68,0
DA:69,0
DA:73,0
DA:74,0
DA:75,0
DA:76,0
DA:77,0
DA:78,0
DA:80,0
DA:84,0
DA:85,0
DA:86,0
DA:87,0
DA:88,0
DA:92,0
DA:93,0
DA:94,0
DA:95,0
DA:96,0
DA:101,0
DA:102,0
DA:103,0
DA:104,0
DA:105,0
DA:107,0
DA:108,0
DA:112,0
DA:113,0
DA:114,0
DA:120,0
DA:124,0
DA:128,0
DA:129,0
DA:133,0
DA:136,0
DA:137,0
DA:138,0
DA:139,0
DA:146,0
DA:154,0
DA:155,0
DA:157,0
DA:158,0
DA:159,0
DA:161,0
DA:162,0
DA:163,0
DA:164,0
DA:165,0
DA:166,0
DA:167,0
DA:170,0
DA:179,0
DA:180,0
DA:183,0
DA:185,0
DA:191,0
DA:192,0
DA:201,0
DA:202,0
DA:203,0
DA:206,0
DA:207,0
DA:209,0
DA:212,0
DA:213,0
DA:214,0
DA:215,0
DA:216,0
DA:218,0
DA:219,0
DA:220,0
DA:221,0
DA:224,0
DA:227,0
DA:228,0
DA:229,0
DA:231,0
DA:233,0
DA:241,0
DA:243,0
LF:87
LH:3
BRDA:48,0,0,0
BRDA:48,0,1,0
BRDA:52,1,0,0
BRDA:52,1,1,0
BRDA:75,2,0,0
BRDA:75,2,1,0
BRDA:77,3,0,0
BRDA:77,3,1,0
BRDA:80,4,0,0
BRDA:80,4,1,0
BRDA:85,5,0,0
BRDA:85,5,1,0
BRDA:86,6,0,0
BRDA:86,6,1,0
BRDA:87,7,0,0
BRDA:87,7,1,0
BRDA:93,8,0,0
BRDA:93,8,1,0
BRDA:94,9,0,0
BRDA:94,9,1,0
BRDA:95,10,0,0
BRDA:95,10,1,0
BRDA:102,11,0,0
BRDA:102,11,1,0
BRDA:104,12,0,0
BRDA:104,12,1,0
BRDA:104,13,0,0
BRDA:104,13,1,0
BRDA:113,14,0,0
BRDA:113,14,1,0
BRDA:137,15,0,0
BRDA:137,15,1,0
BRDA:138,16,0,0
BRDA:138,16,1,0
BRDA:155,17,0,0
BRDA:155,17,1,0
BRDA:162,18,0,0
BRDA:162,18,1,0
BRDA:165,19,0,0
BRDA:165,19,1,0
BRDA:171,20,0,0
BRDA:171,20,1,0
BRDA:177,21,0,0
BRDA:177,21,1,0
BRDA:203,22,0,0
BRDA:203,22,1,0
BRDA:206,23,0,0
BRDA:206,23,1,0
BRDA:219,24,0,0
BRDA:219,24,1,0
BRDA:227,25,0,0
BRDA:227,25,1,0
BRDA:227,26,0,0
BRDA:227,26,1,0
BRDA:231,27,0,0
BRDA:231,27,1,0
BRDA:237,28,0,0
BRDA:237,28,1,0
BRDA:246,29,0,0
BRDA:246,29,1,0
BRDA:246,29,2,0
BRDA:247,30,0,0
BRDA:247,30,1,0
BRDA:248,31,0,0
BRDA:248,31,1,0
BRF:65
BRH:0
end_of_record
TN:
SF:src\types\api.ts
FNF:0
FNH:0
LF:0
LH:0
BRF:0
BRH:0
end_of_record
TN:
SF:src\utils\resourceAttributes.ts
FN:17,getResourceAttributes
FN:34,(anonymous_1)
FNF:2
FNH:0
FNDA:0,getResourceAttributes
FNDA:0,(anonymous_1)
DA:21,0
DA:24,0
DA:25,0
DA:26,0
DA:30,0
DA:31,0
DA:32,0
DA:33,0
DA:34,0
DA:35,0
DA:36,0
DA:39,0
DA:43,0
LF:13
LH:0
BRDA:21,0,0,0
BRDA:21,0,1,0
BRDA:25,1,0,0
BRDA:25,1,1,0
BRDA:25,2,0,0
BRDA:25,2,1,0
BRDA:25,2,2,0
BRDA:30,3,0,0
BRDA:30,3,1,0
BRDA:32,4,0,0
BRDA:32,4,1,0
BRDA:32,5,0,0
BRDA:32,5,1,0
BRDA:35,6,0,0
BRDA:35,6,1,0
BRDA:35,7,0,0
BRDA:35,7,1,0
BRDA:35,7,2,0
BRDA:35,7,3,0
BRF:19
BRH:0
end_of_record
